This is pdfTeX, Version 3.14159265-2.6-1.40.19 (MiKTeX 2.9.6840 64-bit) (preloaded format=pdflatex 2018.10.23)  31 OCT 2018 00:11
entering extended mode
**"C:/Users/Administrator/Google Drive/PhD General/Writing/THESIS/maureen/Abstr
act.tex"

("C:/Users/Administrator/Google Drive/PhD General/Writing/THESIS/maureen/Abstra
ct.tex"
LaTeX2e <2018-04-01> patch level 5

("C:\Users\Administrator\AppData\Local\Programs\MiKTeX 2.9\tex\latex\base\artic
le.cls"
Document Class: article 2014/09/29 v1.4h Standard LaTeX document class

("C:\Users\Administrator\AppData\Local\Programs\MiKTeX 2.9\tex\latex\base\size1
1.clo"
File: size11.clo 2014/09/29 v1.4h Standard LaTeX file (size option)
)
\c@part=\count80
\c@section=\count81
\c@subsection=\count82
\c@subsubsection=\count83
\c@paragraph=\count84
\c@subparagraph=\count85
\c@figure=\count86
\c@table=\count87
\abovecaptionskip=\skip41
\belowcaptionskip=\skip42
\bibindent=\dimen102
)
("C:\Users\Administrator\AppData\Local\Programs\MiKTeX 2.9\tex\latex\natbib\nat
bib.sty"
Package: natbib 2010/09/13 8.31b (PWD, AO)
\bibhang=\skip43
\bibsep=\skip44
LaTeX Info: Redefining \cite on input line 694.
\c@NAT@ctr=\count88
)
("C:\Users\Administrator\AppData\Local\Programs\MiKTeX 2.9\tex\latex\tools\enum
erate.sty"
Package: enumerate 2015/07/23 v3.00 enumerate extensions (DPC)
\@enLab=\toks14
)
("C:\Users\Administrator\AppData\Local\Programs\MiKTeX 2.9\tex\latex\psnfss\mat
hpazo.sty"
Package: mathpazo 2005/04/12 PSNFSS-v9.2a Palatino w/ Pazo Math (D.Puga, WaS) 
\symupright=\mathgroup4
)
("C:\Users\Administrator\AppData\Local\Programs\MiKTeX 2.9\tex\latex\lastpage\l
astpage.sty"
Package: lastpage 2015/03/29 v1.2m Refers to last page's name (HMM; JPG)
)
No file Abstract.aux.
\openout1 = `Abstract.aux'.

LaTeX Font Info:    Checking defaults for OML/cmm/m/it on input line 11.
LaTeX Font Info:    ... okay on input line 11.
LaTeX Font Info:    Checking defaults for T1/cmr/m/n on input line 11.
LaTeX Font Info:    ... okay on input line 11.
LaTeX Font Info:    Checking defaults for OT1/cmr/m/n on input line 11.
LaTeX Font Info:    ... okay on input line 11.
LaTeX Font Info:    Checking defaults for OMS/cmsy/m/n on input line 11.
LaTeX Font Info:    ... okay on input line 11.
LaTeX Font Info:    Checking defaults for OMX/cmex/m/n on input line 11.
LaTeX Font Info:    ... okay on input line 11.
LaTeX Font Info:    Checking defaults for U/cmr/m/n on input line 11.
LaTeX Font Info:    ... okay on input line 11.
LaTeX Font Info:    Try loading font information for OT1+pplj on input line 11.


("C:\Users\Administrator\AppData\Local\Programs\MiKTeX 2.9\tex\latex\psnfss\ot1
pplj.fd"
File: ot1pplj.fd 2004/09/06 font definitions for OT1/pplj.
)
\big@size=\dimen103
Package lastpage Info: Please have a look at the pageslts package at
(lastpage)             https://www.ctan.org/pkg/pageslts
(lastpage)             ! on input line 11.


! LaTeX Error: There's no line here to end.

See the LaTeX manual or LaTeX Companion for explanation.
Type  H <return>  for immediate help.
 ...                                              
                                                  
l.16 ...n the functioning of warming ecosystems}\\
                                                  
? 
[1

{C:/Users/Administrator/AppData/Local/MiKTeX/2.9/pdftex/config/pdftex.map}]
LaTeX Font Info:    Try loading font information for OT1+ppl on input line 17.

("C:\Users\Administrator\AppData\Local\Programs\MiKTeX 2.9\tex\latex\psnfss\ot1
ppl.fd"
File: ot1ppl.fd 2001/06/04 font definitions for OT1/ppl.
)
LaTeX Font Info:    Try loading font information for OML+zplm on input line 17.


("C:\Users\Administrator\AppData\Local\Programs\MiKTeX 2.9\tex\latex\psnfss\oml
zplm.fd"
File: omlzplm.fd 2002/09/08 Fontinst v1.914 font definitions for OML/zplm.
)
LaTeX Font Info:    Try loading font information for OMS+zplm on input line 17.


("C:\Users\Administrator\AppData\Local\Programs\MiKTeX 2.9\tex\latex\psnfss\oms
zplm.fd"
File: omszplm.fd 2002/09/08 Fontinst v1.914 font definitions for OMS/zplm.
)
LaTeX Font Info:    Try loading font information for OMX+zplm on input line 17.


("C:\Users\Administrator\AppData\Local\Programs\MiKTeX 2.9\tex\latex\psnfss\omx
zplm.fd"
File: omxzplm.fd 2002/09/08 Fontinst v1.914 font definitions for OMX/zplm.
)
LaTeX Font Info:    Try loading font information for OT1+zplm on input line 17.


("C:\Users\Administrator\AppData\Local\Programs\MiKTeX 2.9\tex\latex\psnfss\ot1
zplm.fd"
File: ot1zplm.fd 2002/09/08 Fontinst v1.914 font definitions for OT1/zplm.
)

LaTeX Warning: No \author given.


Overfull \hbox (6.16734pt too wide) in paragraph at lines 24--25
\OT1/pplj/m/n/10.95 tems, con-tribut-ing to over-all ecosys-tem sta-bil-ity and
 the pro-vi-sion of ecosys-
 []


Overfull \hbox (9.15671pt too wide) in paragraph at lines 26--27
\OT1/pplj/m/n/10.95 bud-get and be-haviour of its host across a range of tem-pe
r-a-tures.Temperature
 []

[2]

Package lastpage Warning: Rerun to get the references right on input line 30.


AED: lastpage setting LastPage
[3] (Abstract.aux)

LaTeX Warning: Label(s) may have changed. Rerun to get cross-references right.

 ) 
Here is how much of TeX's memory you used:
 802 strings out of 492970
 11185 string characters out of 3123041
 71721 words of memory out of 3000000
 4708 multiletter control sequences out of 15000+200000
 18609 words of font info for 46 fonts, out of 3000000 for 9000
 1141 hyphenation exceptions out of 8191
 21i,6n,20p,1356b,246s stack positions out of 5000i,500n,10000p,200000b,50000s
{C:/Users/Administrator/AppData/Local/Programs/MiKTeX 2.9/fonts/enc/dvips/bas
e/8r.enc}<C:/Users/Administrator/AppData/Local/Programs/MiKTeX 2.9/fonts/type1/
public/fpl/fplrc8a.pfb><C:/Users/Administrator/AppData/Local/Programs/MiKTeX 2.
9/fonts/type1/urw/palatino/uplr8a.pfb><C:/Users/Administrator/AppData/Local/Pro
grams/MiKTeX 2.9/fonts/type1/urw/palatino/uplri8a.pfb>
Output written on Abstract.pdf (3 pages, 37690 bytes).
PDF statistics:
 25 PDF objects out of 1000 (max. 8388607)
 0 named destinations out of 1000 (max. 500000)
 1 words of extra memory for PDF output out of 10000 (max. 10000000)

