\BOOKMARK [0][-]{chapter*.1}{Declaration}{}% 1
\BOOKMARK [0][-]{chapter*.2}{Summary}{}% 2
\BOOKMARK [0][-]{chapter*.3}{Acknowledgements}{}% 3
\BOOKMARK [0][-]{chapter*.4}{Table of Contents}{}% 4
\BOOKMARK [0][-]{chapter*.5}{List of Tables}{}% 5
\BOOKMARK [0][-]{chapter*.6}{List of Figures}{}% 6
\BOOKMARK [0][-]{chapter.1}{General Introduction}{}% 7
\BOOKMARK [1][-]{section.1.1}{Parasites and Ecosystem Function}{chapter.1}% 8
\BOOKMARK [1][-]{section.1.2}{Model System}{chapter.1}% 9
\BOOKMARK [1][-]{section.1.3}{Structure of this Thesis}{chapter.1}% 10
\BOOKMARK [2][-]{subsection.1.3.1}{Chapter 2}{section.1.3}% 11
\BOOKMARK [2][-]{subsection.1.3.2}{Chapter 3}{section.1.3}% 12
\BOOKMARK [2][-]{subsection.1.3.3}{Chapter 4}{section.1.3}% 13
\BOOKMARK [2][-]{subsection.1.3.4}{Chapter 5}{section.1.3}% 14
\BOOKMARK [2][-]{subsection.1.3.5}{Chapter 6}{section.1.3}% 15
\BOOKMARK [0][-]{chapter.2}{Warming can alter host behaviour to the same extent as behaviour-manipulating parasites}{}% 16
\BOOKMARK [1][-]{section.2.1}{Summary}{chapter.2}% 17
\BOOKMARK [1][-]{section.2.2}{Introduction}{chapter.2}% 18
\BOOKMARK [1][-]{section.2.3}{Method}{chapter.2}% 19
\BOOKMARK [2][-]{subsection.2.3.1}{Physiological assays}{section.2.3}% 20
\BOOKMARK [2][-]{subsection.2.3.2}{Behavioural assays}{section.2.3}% 21
\BOOKMARK [2][-]{subsection.2.3.3}{Data analyses}{section.2.3}% 22
\BOOKMARK [1][-]{section.2.4}{Results}{chapter.2}% 23
\BOOKMARK [2][-]{subsection.2.4.1}{Physiological assays}{section.2.4}% 24
\BOOKMARK [2][-]{subsection.2.4.2}{Behavioural assays}{section.2.4}% 25
\BOOKMARK [1][-]{section.2.5}{Discussion}{chapter.2}% 26
\BOOKMARK [0][-]{chapter.3}{Infection with behaviour-manipulating parasites enhances bioturbation by key aquatic detritivores}{}% 27
\BOOKMARK [1][-]{section.3.1}{Summary}{chapter.3}% 28
\BOOKMARK [1][-]{section.3.2}{Introduction}{chapter.3}% 29
\BOOKMARK [1][-]{section.3.3}{Method}{chapter.3}% 30
\BOOKMARK [2][-]{subsection.3.3.1}{Experimental design}{section.3.3}% 31
\BOOKMARK [2][-]{subsection.3.3.2}{Data analyses}{section.3.3}% 32
\BOOKMARK [1][-]{section.3.4}{Results}{chapter.3}% 33
\BOOKMARK [1][-]{section.3.5}{Discussion}{chapter.3}% 34
\BOOKMARK [0][-]{chapter.4}{The temperature-dependence and influence of prey mobility on multiple components of handling time}{}% 35
\BOOKMARK [1][-]{section.4.1}{Summary}{chapter.4}% 36
\BOOKMARK [1][-]{section.4.2}{Introduction}{chapter.4}% 37
\BOOKMARK [1][-]{section.4.3}{Method}{chapter.4}% 38
\BOOKMARK [2][-]{subsection.4.3.1}{Organism collection and preparation}{section.4.3}% 39
\BOOKMARK [2][-]{subsection.4.3.2}{Trial apparatus}{section.4.3}% 40
\BOOKMARK [2][-]{subsection.4.3.3}{Experimental design}{section.4.3}% 41
\BOOKMARK [2][-]{subsection.4.3.4}{Data analyses}{section.4.3}% 42
\BOOKMARK [1][-]{section.4.4}{Results}{chapter.4}% 43
\BOOKMARK [2][-]{subsection.4.4.1}{Components of handling time}{section.4.4}% 44
\BOOKMARK [2][-]{subsection.4.4.2}{Feeding preferences}{section.4.4}% 45
\BOOKMARK [1][-]{section.4.5}{Discussion}{chapter.4}% 46
\BOOKMARK [0][-]{chapter.5}{Individual and combined effects of warming, intraspecific competition and parasitic infection on detritus processing rates in situ.}{}% 47
\BOOKMARK [1][-]{section.5.1}{Summary}{chapter.5}% 48
\BOOKMARK [1][-]{section.5.2}{Introduction}{chapter.5}% 49
\BOOKMARK [1][-]{section.5.3}{Method}{chapter.5}% 50
\BOOKMARK [2][-]{subsection.5.3.1}{Study site}{section.5.3}% 51
\BOOKMARK [2][-]{subsection.5.3.2}{Experiments}{section.5.3}% 52
\BOOKMARK [2][-]{subsection.5.3.3}{Data analyses}{section.5.3}% 53
\BOOKMARK [1][-]{section.5.4}{Results}{chapter.5}% 54
\BOOKMARK [1][-]{section.5.5}{Discussion}{chapter.5}% 55
\BOOKMARK [0][-]{chapter.6}{Discussion}{}% 56
\BOOKMARK [1][-]{section.6.1}{The importance of parasites in the functioning of warming ecosystems}{chapter.6}% 57
\BOOKMARK [1][-]{section.6.2}{Future prospects}{chapter.6}% 58
\BOOKMARK [2][-]{subsection.6.2.1}{Community Dynamics}{section.6.2}% 59
\BOOKMARK [2][-]{subsection.6.2.2}{Ecosystem Stability}{section.6.2}% 60
\BOOKMARK [1][-]{section.6.3}{Concluding Remarks}{chapter.6}% 61
\BOOKMARK [0][-]{chapter*.26}{Bibliography}{}% 62
\BOOKMARK [0][-]{section*.27}{Appendices}{}% 63
\BOOKMARK [0][-]{appendix.A}{Supplementary Information to Chapter 2}{}% 64
\BOOKMARK [0][-]{appendix.B}{Supplementary Information to Chapter 3}{}% 65
\BOOKMARK [0][-]{appendix.C}{Supplementary Information to Chapter 5}{}% 66
