This is pdfTeX, Version 3.14159265-2.6-1.40.19 (MiKTeX 2.9.6840 64-bit) (preloaded format=pdflatex 2018.10.23)  8 MAR 2019 19:01
entering extended mode
**./thesis_print_2side.tex
(thesis_print_2side.tex
LaTeX2e <2018-04-01> patch level 5
(mythesis.cls
Document Class: mythesis 2010/08/04

("C:\Users\Administrator\AppData\Local\Programs\MiKTeX 2.9\tex\latex\setspace\s
etspace.sty"
Package: setspace 2011/12/19 v6.7a set line spacing
)
("C:\Users\Administrator\AppData\Local\Programs\MiKTeX 2.9\tex\latex\base\repor
t.cls"
Document Class: report 2014/09/29 v1.4h Standard LaTeX document class

("C:\Users\Administrator\AppData\Local\Programs\MiKTeX 2.9\tex\latex\base\size1
2.clo"
File: size12.clo 2014/09/29 v1.4h Standard LaTeX file (size option)
)
\c@part=\count80
\c@chapter=\count81
\c@section=\count82
\c@subsection=\count83
\c@subsubsection=\count84
\c@paragraph=\count85
\c@subparagraph=\count86
\c@figure=\count87
\c@table=\count88
\abovecaptionskip=\skip41
\belowcaptionskip=\skip42
\bibindent=\dimen102
)
("C:\Users\Administrator\AppData\Local\Programs\MiKTeX 2.9\tex\latex\geometry\g
eometry.sty"
Package: geometry 2018/04/16 v5.8 Page Geometry

("C:\Users\Administrator\AppData\Local\Programs\MiKTeX 2.9\tex\latex\graphics\k
eyval.sty"
Package: keyval 2014/10/28 v1.15 key=value parser (DPC)
\KV@toks@=\toks14
)
("C:\Users\Administrator\AppData\Local\Programs\MiKTeX 2.9\tex\generic\oberdiek
\ifpdf.sty"
Package: ifpdf 2018/09/07 v3.3 Provides the ifpdf switch
)
("C:\Users\Administrator\AppData\Local\Programs\MiKTeX 2.9\tex\generic\oberdiek
\ifvtex.sty"
Package: ifvtex 2016/05/16 v1.6 Detect VTeX and its facilities (HO)
Package ifvtex Info: VTeX not detected.
)
("C:\Users\Administrator\AppData\Local\Programs\MiKTeX 2.9\tex\generic\ifxetex\
ifxetex.sty"
Package: ifxetex 2010/09/12 v0.6 Provides ifxetex conditional
)
\Gm@cnth=\count89
\Gm@cntv=\count90
\c@Gm@tempcnt=\count91
\Gm@bindingoffset=\dimen103
\Gm@wd@mp=\dimen104
\Gm@odd@mp=\dimen105
\Gm@even@mp=\dimen106
\Gm@layoutwidth=\dimen107
\Gm@layoutheight=\dimen108
\Gm@layouthoffset=\dimen109
\Gm@layoutvoffset=\dimen110
\Gm@dimlist=\toks15

("C:\Users\Administrator\AppData\Local\Programs\MiKTeX 2.9\tex\latex\geometry\g
eometry.cfg"))
("C:\Users\Administrator\AppData\Local\Programs\MiKTeX 2.9\tex\latex\psnfss\mat
hpazo.sty"
Package: mathpazo 2005/04/12 PSNFSS-v9.2a Palatino w/ Pazo Math (D.Puga, WaS) 
\symupright=\mathgroup4
)
("C:\Users\Administrator\AppData\Local\Programs\MiKTeX 2.9\tex\latex\base\fonte
nc.sty"
Package: fontenc 2017/04/05 v2.0i Standard LaTeX package

("C:\Users\Administrator\AppData\Local\Programs\MiKTeX 2.9\tex\latex\base\t1enc
.def"
File: t1enc.def 2017/04/05 v2.0i Standard LaTeX file
LaTeX Font Info:    Redeclaring font encoding T1 on input line 48.
))
("C:\Users\Administrator\AppData\Local\Programs\MiKTeX 2.9\tex\latex\base\textc
omp.sty"
Package: textcomp 2017/04/05 v2.0i Standard LaTeX package
Package textcomp Info: Sub-encoding information:
(textcomp)               5 = only ISO-Adobe without \textcurrency
(textcomp)               4 = 5 + \texteuro
(textcomp)               3 = 4 + \textohm
(textcomp)               2 = 3 + \textestimated + \textcurrency
(textcomp)               1 = TS1 - \textcircled - \t
(textcomp)               0 = TS1 (full)
(textcomp)             Font families with sub-encoding setting implement
(textcomp)             only a restricted character set as indicated.
(textcomp)             Family '?' is the default used for unknown fonts.
(textcomp)             See the documentation for details.
Package textcomp Info: Setting ? sub-encoding to TS1/1 on input line 79.

("C:\Users\Administrator\AppData\Local\Programs\MiKTeX 2.9\tex\latex\base\ts1en
c.def"
File: ts1enc.def 2001/06/05 v3.0e (jk/car/fm) Standard LaTeX file
Now handling font encoding TS1 ...
... processing UTF-8 mapping file for font encoding TS1

("C:\Users\Administrator\AppData\Local\Programs\MiKTeX 2.9\tex\latex\base\ts1en
c.dfu"
File: ts1enc.dfu 2018/04/05 v1.2c UTF-8 support for inputenc
   defining Unicode char U+00A2 (decimal 162)
   defining Unicode char U+00A3 (decimal 163)
   defining Unicode char U+00A4 (decimal 164)
   defining Unicode char U+00A5 (decimal 165)
   defining Unicode char U+00A6 (decimal 166)
   defining Unicode char U+00A7 (decimal 167)
   defining Unicode char U+00A8 (decimal 168)
   defining Unicode char U+00A9 (decimal 169)
   defining Unicode char U+00AA (decimal 170)
   defining Unicode char U+00AC (decimal 172)
   defining Unicode char U+00AE (decimal 174)
   defining Unicode char U+00AF (decimal 175)
   defining Unicode char U+00B0 (decimal 176)
   defining Unicode char U+00B1 (decimal 177)
   defining Unicode char U+00B2 (decimal 178)
   defining Unicode char U+00B3 (decimal 179)
   defining Unicode char U+00B4 (decimal 180)
   defining Unicode char U+00B5 (decimal 181)
   defining Unicode char U+00B6 (decimal 182)
   defining Unicode char U+00B7 (decimal 183)
   defining Unicode char U+00B9 (decimal 185)
   defining Unicode char U+00BA (decimal 186)
   defining Unicode char U+00BC (decimal 188)
   defining Unicode char U+00BD (decimal 189)
   defining Unicode char U+00BE (decimal 190)
   defining Unicode char U+00D7 (decimal 215)
   defining Unicode char U+00F7 (decimal 247)
   defining Unicode char U+0192 (decimal 402)
   defining Unicode char U+02C7 (decimal 711)
   defining Unicode char U+02D8 (decimal 728)
   defining Unicode char U+02DD (decimal 733)
   defining Unicode char U+0E3F (decimal 3647)
   defining Unicode char U+2016 (decimal 8214)
   defining Unicode char U+2020 (decimal 8224)
   defining Unicode char U+2021 (decimal 8225)
   defining Unicode char U+2022 (decimal 8226)
   defining Unicode char U+2030 (decimal 8240)
   defining Unicode char U+2031 (decimal 8241)
   defining Unicode char U+203B (decimal 8251)
   defining Unicode char U+203D (decimal 8253)
   defining Unicode char U+2044 (decimal 8260)
   defining Unicode char U+204E (decimal 8270)
   defining Unicode char U+2052 (decimal 8274)
   defining Unicode char U+20A1 (decimal 8353)
   defining Unicode char U+20A4 (decimal 8356)
   defining Unicode char U+20A6 (decimal 8358)
   defining Unicode char U+20A9 (decimal 8361)
   defining Unicode char U+20AB (decimal 8363)
   defining Unicode char U+20AC (decimal 8364)
   defining Unicode char U+20B1 (decimal 8369)
   defining Unicode char U+2103 (decimal 8451)
   defining Unicode char U+2116 (decimal 8470)
   defining Unicode char U+2117 (decimal 8471)
   defining Unicode char U+211E (decimal 8478)
   defining Unicode char U+2120 (decimal 8480)
   defining Unicode char U+2122 (decimal 8482)
   defining Unicode char U+2126 (decimal 8486)
   defining Unicode char U+2127 (decimal 8487)
   defining Unicode char U+212E (decimal 8494)
   defining Unicode char U+2190 (decimal 8592)
   defining Unicode char U+2191 (decimal 8593)
   defining Unicode char U+2192 (decimal 8594)
   defining Unicode char U+2193 (decimal 8595)
   defining Unicode char U+2329 (decimal 9001)
   defining Unicode char U+232A (decimal 9002)
   defining Unicode char U+2422 (decimal 9250)
   defining Unicode char U+25E6 (decimal 9702)
   defining Unicode char U+25EF (decimal 9711)
   defining Unicode char U+266A (decimal 9834)
   defining Unicode char U+FEFF (decimal 65279)
))
LaTeX Info: Redefining \oldstylenums on input line 334.
Package textcomp Info: Setting cmr sub-encoding to TS1/0 on input line 349.
Package textcomp Info: Setting cmss sub-encoding to TS1/0 on input line 350.
Package textcomp Info: Setting cmtt sub-encoding to TS1/0 on input line 351.
Package textcomp Info: Setting cmvtt sub-encoding to TS1/0 on input line 352.
Package textcomp Info: Setting cmbr sub-encoding to TS1/0 on input line 353.
Package textcomp Info: Setting cmtl sub-encoding to TS1/0 on input line 354.
Package textcomp Info: Setting ccr sub-encoding to TS1/0 on input line 355.
Package textcomp Info: Setting ptm sub-encoding to TS1/4 on input line 356.
Package textcomp Info: Setting pcr sub-encoding to TS1/4 on input line 357.
Package textcomp Info: Setting phv sub-encoding to TS1/4 on input line 358.
Package textcomp Info: Setting ppl sub-encoding to TS1/3 on input line 359.
Package textcomp Info: Setting pag sub-encoding to TS1/4 on input line 360.
Package textcomp Info: Setting pbk sub-encoding to TS1/4 on input line 361.
Package textcomp Info: Setting pnc sub-encoding to TS1/4 on input line 362.
Package textcomp Info: Setting pzc sub-encoding to TS1/4 on input line 363.
Package textcomp Info: Setting bch sub-encoding to TS1/4 on input line 364.
Package textcomp Info: Setting put sub-encoding to TS1/5 on input line 365.
Package textcomp Info: Setting uag sub-encoding to TS1/5 on input line 366.
Package textcomp Info: Setting ugq sub-encoding to TS1/5 on input line 367.
Package textcomp Info: Setting ul8 sub-encoding to TS1/4 on input line 368.
Package textcomp Info: Setting ul9 sub-encoding to TS1/4 on input line 369.
Package textcomp Info: Setting augie sub-encoding to TS1/5 on input line 370.
Package textcomp Info: Setting dayrom sub-encoding to TS1/3 on input line 371.
Package textcomp Info: Setting dayroms sub-encoding to TS1/3 on input line 372.

Package textcomp Info: Setting pxr sub-encoding to TS1/0 on input line 373.
Package textcomp Info: Setting pxss sub-encoding to TS1/0 on input line 374.
Package textcomp Info: Setting pxtt sub-encoding to TS1/0 on input line 375.
Package textcomp Info: Setting txr sub-encoding to TS1/0 on input line 376.
Package textcomp Info: Setting txss sub-encoding to TS1/0 on input line 377.
Package textcomp Info: Setting txtt sub-encoding to TS1/0 on input line 378.
Package textcomp Info: Setting lmr sub-encoding to TS1/0 on input line 379.
Package textcomp Info: Setting lmdh sub-encoding to TS1/0 on input line 380.
Package textcomp Info: Setting lmss sub-encoding to TS1/0 on input line 381.
Package textcomp Info: Setting lmssq sub-encoding to TS1/0 on input line 382.
Package textcomp Info: Setting lmvtt sub-encoding to TS1/0 on input line 383.
Package textcomp Info: Setting lmtt sub-encoding to TS1/0 on input line 384.
Package textcomp Info: Setting qhv sub-encoding to TS1/0 on input line 385.
Package textcomp Info: Setting qag sub-encoding to TS1/0 on input line 386.
Package textcomp Info: Setting qbk sub-encoding to TS1/0 on input line 387.
Package textcomp Info: Setting qcr sub-encoding to TS1/0 on input line 388.
Package textcomp Info: Setting qcs sub-encoding to TS1/0 on input line 389.
Package textcomp Info: Setting qpl sub-encoding to TS1/0 on input line 390.
Package textcomp Info: Setting qtm sub-encoding to TS1/0 on input line 391.
Package textcomp Info: Setting qzc sub-encoding to TS1/0 on input line 392.
Package textcomp Info: Setting qhvc sub-encoding to TS1/0 on input line 393.
Package textcomp Info: Setting futs sub-encoding to TS1/4 on input line 394.
Package textcomp Info: Setting futx sub-encoding to TS1/4 on input line 395.
Package textcomp Info: Setting futj sub-encoding to TS1/4 on input line 396.
Package textcomp Info: Setting hlh sub-encoding to TS1/3 on input line 397.
Package textcomp Info: Setting hls sub-encoding to TS1/3 on input line 398.
Package textcomp Info: Setting hlst sub-encoding to TS1/3 on input line 399.
Package textcomp Info: Setting hlct sub-encoding to TS1/5 on input line 400.
Package textcomp Info: Setting hlx sub-encoding to TS1/5 on input line 401.
Package textcomp Info: Setting hlce sub-encoding to TS1/5 on input line 402.
Package textcomp Info: Setting hlcn sub-encoding to TS1/5 on input line 403.
Package textcomp Info: Setting hlcw sub-encoding to TS1/5 on input line 404.
Package textcomp Info: Setting hlcf sub-encoding to TS1/5 on input line 405.
Package textcomp Info: Setting pplx sub-encoding to TS1/3 on input line 406.
Package textcomp Info: Setting pplj sub-encoding to TS1/3 on input line 407.
Package textcomp Info: Setting ptmx sub-encoding to TS1/4 on input line 408.
Package textcomp Info: Setting ptmj sub-encoding to TS1/4 on input line 409.
)
("C:\Users\Administrator\AppData\Local\Programs\MiKTeX 2.9\tex\latex\tabfigures
\tabfigures.sty"
Package: tabfigures 2012/01/24 v1.1 Patches for using tabular figures

("C:\Users\Administrator\AppData\Local\Programs\MiKTeX 2.9\tex\latex\etoolbox\e
toolbox.sty"
Package: etoolbox 2018/08/19 v2.5f e-TeX tools for LaTeX (JAW)
\etb@tempcnta=\count92
))
("C:\Users\Administrator\AppData\Local\Programs\MiKTeX 2.9\tex\latex\textcase\t
extcase.sty"
Package: textcase 2004/10/07 v0.07 Text only upper/lower case changing (DPC)
)
("C:\Users\Administrator\AppData\Local\Programs\MiKTeX 2.9\tex\latex\microtype\
microtype.sty"
Package: microtype 2018/01/14 v2.7a Micro-typographical refinements (RS)
\MT@toks=\toks16
\MT@count=\count93
LaTeX Info: Redefining \textls on input line 793.
\MT@outer@kern=\dimen111
LaTeX Info: Redefining \textmicrotypecontext on input line 1339.
\MT@listname@count=\count94

("C:\Users\Administrator\AppData\Local\Programs\MiKTeX 2.9\tex\latex\microtype\
microtype-pdftex.def"
File: microtype-pdftex.def 2018/01/14 v2.7a Definitions specific to pdftex (RS)

LaTeX Info: Redefining \lsstyle on input line 913.
LaTeX Info: Redefining \lslig on input line 913.
\MT@outer@space=\skip43
)
Package microtype Info: Loading configuration file microtype.cfg.

("C:\Users\Administrator\AppData\Local\Programs\MiKTeX 2.9\tex\latex\microtype\
microtype.cfg"
File: microtype.cfg 2018/01/14 v2.7a microtype main configuration file (RS)
))
("C:\Users\Administrator\AppData\Local\Programs\MiKTeX 2.9\tex\latex\gitinfo\gi
tinfo.sty"
Package: gitinfo 2011/08/10 v1.00 git revision information

("C:\Users\Administrator\AppData\Local\Programs\MiKTeX 2.9\tex\latex\oberdiek\k
voptions.sty"
Package: kvoptions 2016/05/16 v3.12 Key value format for package options (HO)

("C:\Users\Administrator\AppData\Local\Programs\MiKTeX 2.9\tex\generic\oberdiek
\ltxcmds.sty"
Package: ltxcmds 2016/05/16 v1.23 LaTeX kernel commands for general use (HO)
)
("C:\Users\Administrator\AppData\Local\Programs\MiKTeX 2.9\tex\generic\oberdiek
\kvsetkeys.sty"
Package: kvsetkeys 2016/05/16 v1.17 Key value parser (HO)

("C:\Users\Administrator\AppData\Local\Programs\MiKTeX 2.9\tex\generic\oberdiek
\infwarerr.sty"
Package: infwarerr 2016/05/16 v1.4 Providing info/warning/error messages (HO)
)
("C:\Users\Administrator\AppData\Local\Programs\MiKTeX 2.9\tex\generic\oberdiek
\etexcmds.sty"
Package: etexcmds 2016/05/16 v1.6 Avoid name clashes with e-TeX commands (HO)

("C:\Users\Administrator\AppData\Local\Programs\MiKTeX 2.9\tex\generic\oberdiek
\ifluatex.sty"
Package: ifluatex 2016/05/16 v1.4 Provides the ifluatex switch (HO)
Package ifluatex Info: LuaTeX not detected.
)
Package etexcmds Info: Could not find \expanded.
(etexcmds)             That can mean that you are not using pdfTeX 1.50 or
(etexcmds)             that some package has redefined \expanded.
(etexcmds)             In the latter case, load this package earlier.
)))

Package gitInfo Warning: I can't find the file `gitHeadInfo.gin`.
(gitInfo)                All git metadata has been set to ``(None)''. on input 
line 57.

)
("C:\Users\Administrator\AppData\Local\Programs\MiKTeX 2.9\tex\latex\fancyhdr\f
ancyhdr.sty"
Package: fancyhdr 2017/06/30 v3.9a Extensive control of page headers and footer
s
\f@nch@headwidth=\skip44
\f@nch@O@elh=\skip45
\f@nch@O@erh=\skip46
\f@nch@O@olh=\skip47
\f@nch@O@orh=\skip48
\f@nch@O@elf=\skip49
\f@nch@O@erf=\skip50
\f@nch@O@olf=\skip51
\f@nch@O@orf=\skip52
)
("C:\Users\Administrator\AppData\Local\Programs\MiKTeX 2.9\tex\latex\tocbibind\
tocbibind.sty"
Package: tocbibind 2010/10/13 v1.5k extra ToC listings
Package tocbibind Info: The document has chapter divisions on input line 50.


Package tocbibind Note: Using chapter style headings, unless overridden.

)
("C:\Users\Administrator\AppData\Local\Programs\MiKTeX 2.9\tex\latex\titlesec\t
itletoc.sty"
Package: titletoc 2011/12/15 v1.6 TOC entries
\ttl@leftsep=\dimen112
)
("C:\Users\Administrator\AppData\Local\Programs\MiKTeX 2.9\tex\latex\caption\ca
ption.sty"
Package: caption 2018/10/06 v3.3-154 Customizing captions (AR)

("C:\Users\Administrator\AppData\Local\Programs\MiKTeX 2.9\tex\latex\caption\ca
ption3.sty"
Package: caption3 2018/09/12 v1.8c caption3 kernel (AR)
Package caption3 Info: TeX engine: e-TeX on input line 64.
\captionmargin=\dimen113
\captionmargin@=\dimen114
\captionwidth=\dimen115
\caption@tempdima=\dimen116
\caption@indent=\dimen117
\caption@parindent=\dimen118
\caption@hangindent=\dimen119
)
\c@caption@flags=\count95
\c@ContinuedFloat=\count96
)
("C:\Users\Administrator\AppData\Local\Programs\MiKTeX 2.9\tex\latex\titlesec\t
itlesec.sty"
Package: titlesec 2016/03/21 v2.10.2 Sectioning titles
\ttl@box=\box26
\beforetitleunit=\skip53
\aftertitleunit=\skip54
\ttl@plus=\dimen120
\ttl@minus=\dimen121
\ttl@toksa=\toks17
\titlewidth=\dimen122
\titlewidthlast=\dimen123
\titlewidthfirst=\dimen124
)
("C:\Users\Administrator\AppData\Local\Programs\MiKTeX 2.9\tex\latex\numname\nu
mname.sty"
\c@ism@mctr=\count97
\c@xsm@mctr=\count98
\c@csm@mctr=\count99
\c@ksm@mctr=\count100
\c@xksm@mctr=\count101
\c@cksm@mctr=\count102
\c@msm@mctr=\count103
\c@xmsm@mctr=\count104
\c@cmsm@mctr=\count105
\c@bsm@mctr=\count106
\c@workm@mctr=\count107
)
("C:\Users\Administrator\AppData\Local\Programs\MiKTeX 2.9\tex\latex\refstyle\r
efstyle.sty"
Package: refstyle 2010/11/02 v0.5 Reference formatting (DNJ Els)
Package refstyle Info: Config file refstyle.cfg used on input line 322.

("C:\Users\Administrator\AppData\Local\Programs\MiKTeX 2.9\tex\latex\refstyle\r
efstyle.cfg"
File: refstyle.cfg 2010/11/02 0.5 Configuration file for refstyle (DNJ Els)
Package refstyle Info: New reference template \newref{part} on input line 468.
Package refstyle Info: \partkey created on input line 468.
Package refstyle Info: \partlabel created on input line 468.
Package refstyle Info: \partref created on input line 468.
Package refstyle Info: \Partref created on input line 468.
Package refstyle Info: \partrangeref created on input line 468.
Package refstyle Info: \Partrangeref created on input line 468.
Package refstyle Info: \partpageref created on input line 468.
Package refstyle Info: New reference template \newref{chap} on input line 501.
Package refstyle Info: \chapkey created on input line 501.
Package refstyle Info: \chaplabel created on input line 501.
Package refstyle Info: \chapref created on input line 501.
Package refstyle Info: \Chapref created on input line 501.
Package refstyle Info: \chaprangeref created on input line 501.
Package refstyle Info: \Chaprangeref created on input line 501.
Package refstyle Info: \chappageref created on input line 501.
Package refstyle Info: New reference template \newref{sec} on input line 511.
Package refstyle Info: \seckey created on input line 511.
Package refstyle Info: \seclabel created on input line 511.
Package refstyle Info: \secref created on input line 511.
Package refstyle Info: \Secref created on input line 511.
Package refstyle Info: \secrangeref created on input line 511.
Package refstyle Info: \Secrangeref created on input line 511.
Package refstyle Info: \secpageref created on input line 511.
Package refstyle Info: New reference template \newref{eq} on input line 526.
Package refstyle Info: \eqkey created on input line 526.
Package refstyle Info: \eqlabel created on input line 526.
Package refstyle Info: \eqref created on input line 526.
Package refstyle Info: \Eqref created on input line 526.
Package refstyle Info: \eqrangeref created on input line 526.
Package refstyle Info: \Eqrangeref created on input line 526.
Package refstyle Info: \eqpageref created on input line 526.
Package refstyle Info: New reference template \newref{fig} on input line 544.
Package refstyle Info: \figkey created on input line 544.
Package refstyle Info: \figlabel created on input line 544.
Package refstyle Info: \figref created on input line 544.
Package refstyle Info: \Figref created on input line 544.
Package refstyle Info: \figrangeref created on input line 544.
Package refstyle Info: \Figrangeref created on input line 544.
Package refstyle Info: \figpageref created on input line 544.
Package refstyle Info: New reference template \newref{tab} on input line 553.
Package refstyle Info: \tabkey created on input line 553.
Package refstyle Info: \tablabel created on input line 553.
Package refstyle Info: \tabref created on input line 553.
Package refstyle Info: \Tabref created on input line 553.
Package refstyle Info: \tabrangeref created on input line 553.
Package refstyle Info: \Tabrangeref created on input line 553.
Package refstyle Info: \tabpageref created on input line 553.
Package refstyle Info: New reference template \newref{fn} on input line 568.
Package refstyle Info: \fnkey created on input line 568.
Package refstyle Info: \fnlabel created on input line 568.
Package refstyle Info: \fnref created on input line 568.
Package refstyle Info: \Fnref created on input line 568.
Package refstyle Info: \fnrangeref created on input line 568.
Package refstyle Info: \Fnrangeref created on input line 568.
Package refstyle Info: \fnpageref created on input line 568.
))
("C:\Users\Administrator\AppData\Local\Programs\MiKTeX 2.9\tex\latex\hyperref\h
yperref.sty"
Package: hyperref 2018/09/30 v6.88a Hypertext links for LaTeX

("C:\Users\Administrator\AppData\Local\Programs\MiKTeX 2.9\tex\generic\oberdiek
\hobsub-hyperref.sty"
Package: hobsub-hyperref 2016/05/16 v1.14 Bundle oberdiek, subset hyperref (HO)


("C:\Users\Administrator\AppData\Local\Programs\MiKTeX 2.9\tex\generic\oberdiek
\hobsub-generic.sty"
Package: hobsub-generic 2016/05/16 v1.14 Bundle oberdiek, subset generic (HO)
Package: hobsub 2016/05/16 v1.14 Construct package bundles (HO)
Package hobsub Info: Skipping package `infwarerr' (already loaded).
Package hobsub Info: Skipping package `ltxcmds' (already loaded).
Package hobsub Info: Skipping package `ifluatex' (already loaded).
Package hobsub Info: Skipping package `ifvtex' (already loaded).
Package: intcalc 2016/05/16 v1.2 Expandable calculations with integers (HO)
Package hobsub Info: Skipping package `ifpdf' (already loaded).
Package hobsub Info: Skipping package `etexcmds' (already loaded).
Package hobsub Info: Skipping package `kvsetkeys' (already loaded).
Package: kvdefinekeys 2016/05/16 v1.4 Define keys (HO)
Package: pdftexcmds 2018/09/10 v0.29 Utility functions of pdfTeX for LuaTeX (HO
)
Package pdftexcmds Info: LuaTeX not detected.
Package pdftexcmds Info: \pdf@primitive is available.
Package pdftexcmds Info: \pdf@ifprimitive is available.
Package pdftexcmds Info: \pdfdraftmode found.
Package: pdfescape 2016/05/16 v1.14 Implements pdfTeX's escape features (HO)
Package: bigintcalc 2016/05/16 v1.4 Expandable calculations on big integers (HO
)
Package: bitset 2016/05/16 v1.2 Handle bit-vector datatype (HO)
Package: uniquecounter 2016/05/16 v1.3 Provide unlimited unique counter (HO)
)
Package hobsub Info: Skipping package `hobsub' (already loaded).
Package: letltxmacro 2016/05/16 v1.5 Let assignment for LaTeX macros (HO)
Package: hopatch 2016/05/16 v1.3 Wrapper for package hooks (HO)
Package: xcolor-patch 2016/05/16 xcolor patch
Package: atveryend 2016/05/16 v1.9 Hooks at the very end of document (HO)
Package: atbegshi 2016/06/09 v1.18 At begin shipout hook (HO)
Package: refcount 2016/05/16 v3.5 Data extraction from label references (HO)
Package: hycolor 2016/05/16 v1.8 Color options for hyperref/bookmark (HO)
)
("C:\Users\Administrator\AppData\Local\Programs\MiKTeX 2.9\tex\latex\oberdiek\a
uxhook.sty"
Package: auxhook 2016/05/16 v1.4 Hooks for auxiliary files (HO)
)
\@linkdim=\dimen125
\Hy@linkcounter=\count108
\Hy@pagecounter=\count109

("C:\Users\Administrator\AppData\Local\Programs\MiKTeX 2.9\tex\latex\hyperref\p
d1enc.def"
File: pd1enc.def 2018/09/30 v6.88a Hyperref: PDFDocEncoding definition (HO)
Now handling font encoding PD1 ...
... no UTF-8 mapping file for font encoding PD1
)
\Hy@SavedSpaceFactor=\count110

("C:\Users\Administrator\AppData\Local\Programs\MiKTeX 2.9\tex\latex\00miktex\h
yperref.cfg"
File: hyperref.cfg 2002/06/06 v1.2 hyperref configuration of TeXLive
)
Package hyperref Info: Option `colorlinks' set `true' on input line 4409.
Package hyperref Info: Hyper figures OFF on input line 4535.
Package hyperref Info: Link nesting OFF on input line 4540.
Package hyperref Info: Hyper index ON on input line 4543.
Package hyperref Info: Plain pages OFF on input line 4550.
Package hyperref Info: Backreferencing OFF on input line 4555.
Package hyperref Info: Implicit mode ON; LaTeX internals redefined.
Package hyperref Info: Bookmarks ON on input line 4788.
\c@Hy@tempcnt=\count111

("C:\Users\Administrator\AppData\Local\Programs\MiKTeX 2.9\tex\latex\url\url.st
y"
\Urlmuskip=\muskip10
Package: url 2013/09/16  ver 3.4  Verb mode for urls, etc.
)
LaTeX Info: Redefining \url on input line 5141.
\XeTeXLinkMargin=\dimen126
\Fld@menulength=\count112
\Field@Width=\dimen127
\Fld@charsize=\dimen128
Package hyperref Info: Hyper figures OFF on input line 6396.
Package hyperref Info: Link nesting OFF on input line 6401.
Package hyperref Info: Hyper index ON on input line 6404.
Package hyperref Info: backreferencing OFF on input line 6411.
Package hyperref Info: Link coloring ON on input line 6414.
Package hyperref Info: Link coloring with OCG OFF on input line 6421.
Package hyperref Info: PDF/A mode OFF on input line 6426.
LaTeX Info: Redefining \ref on input line 6466.
LaTeX Info: Redefining \pageref on input line 6470.
\Hy@abspage=\count113
\c@Item=\count114
\c@Hfootnote=\count115
)
Package hyperref Info: Driver (autodetected): hpdftex.

("C:\Users\Administrator\AppData\Local\Programs\MiKTeX 2.9\tex\latex\hyperref\h
pdftex.def"
File: hpdftex.def 2018/09/30 v6.88a Hyperref driver for pdfTeX
\Fld@listcount=\count116
\c@bookmark@seq@number=\count117

("C:\Users\Administrator\AppData\Local\Programs\MiKTeX 2.9\tex\latex\oberdiek\r
erunfilecheck.sty"
Package: rerunfilecheck 2016/05/16 v1.8 Rerun checks for auxiliary files (HO)
Package uniquecounter Info: New unique counter `rerunfilecheck' on input line 2
82.
)
\Hy@SectionHShift=\skip55
)
("C:\Users\Administrator\AppData\Local\Programs\MiKTeX 2.9\tex\latex\natbib\nat
bib.sty"
Package: natbib 2010/09/13 8.31b (PWD, AO)
\bibhang=\skip56
\bibsep=\skip57
LaTeX Info: Redefining \cite on input line 694.
\c@NAT@ctr=\count118
)
("C:\Users\Administrator\AppData\Local\Programs\MiKTeX 2.9\tex\latex\fancyvrb\f
ancyvrb.sty"
Package: fancyvrb 2008/02/07

Style option: `fancyvrb' v2.7a, with DG/SPQR fixes, and firstline=lastline fix 
<2008/02/07> (tvz)
\FV@CodeLineNo=\count119
\FV@InFile=\read1
\FV@TabBox=\box27
\c@FancyVerbLine=\count120
\FV@StepNumber=\count121
\FV@OutFile=\write3
)
("C:\Users\Administrator\AppData\Local\Programs\MiKTeX 2.9\tex\latex\tools\tabu
larx.sty"
Package: tabularx 2016/02/03 v2.11b `tabularx' package (DPC)

("C:\Users\Administrator\AppData\Local\Programs\MiKTeX 2.9\tex\latex\tools\arra
y.sty"
Package: array 2018/04/30 v2.4h Tabular extension package (FMi)
\col@sep=\dimen129
\ar@mcellbox=\box28
\extrarowheight=\dimen130
\NC@list=\toks18
\extratabsurround=\skip58
\backup@length=\skip59
\ar@cellbox=\box29
)
\TX@col@width=\dimen131
\TX@old@table=\dimen132
\TX@old@col=\dimen133
\TX@target=\dimen134
\TX@delta=\dimen135
\TX@cols=\count122
\TX@ftn=\toks19
)
("C:\Users\Administrator\AppData\Local\Programs\MiKTeX 2.9\tex\latex\ncctools\e
xtdash.sty"
Package: extdash 2018/06/24 v1.3 Extended Dash Package (NCC)
)
("C:\Users\Administrator\AppData\Local\Programs\MiKTeX 2.9\tex\latex\chngcntr\c
hngcntr.sty"
Package: chngcntr 2018/04/09 v1.1a change counter resetting
Package chngcntr Info: \counterwithout already defined.
(chngcntr)             Quitting chngcntr on input line 21.
))
("C:\Users\Administrator\AppData\Local\Programs\MiKTeX 2.9\tex\latex\base\fixlt
x2e.sty"
Package: fixltx2e 2016/12/29 v2.1a fixes to LaTeX (obsolete)
Applying: [2015/01/01] Old fixltx2e package on input line 46.


Package fixltx2e Warning: fixltx2e is not required with releases after 2015
(fixltx2e)                All fixes are now in the LaTeX kernel.
(fixltx2e)                See the latexrelease package for details.

Already applied: [0000/00/00] Old fixltx2e package on input line 53.
)
("C:\Users\Administrator\AppData\Local\Programs\MiKTeX 2.9\tex\latex\oberdiek\p
dflscape.sty"
Package: pdflscape 2016/05/14 v0.11 Display of landscape pages in PDF (HO)

("C:\Users\Administrator\AppData\Local\Programs\MiKTeX 2.9\tex\latex\graphics\l
scape.sty"
Package: lscape 2000/10/22 v3.01 Landscape Pages (DPC)

("C:\Users\Administrator\AppData\Local\Programs\MiKTeX 2.9\tex\latex\graphics\g
raphics.sty"
Package: graphics 2017/06/25 v1.2c Standard LaTeX Graphics (DPC,SPQR)

("C:\Users\Administrator\AppData\Local\Programs\MiKTeX 2.9\tex\latex\graphics\t
rig.sty"
Package: trig 2016/01/03 v1.10 sin cos tan (DPC)
)
("C:\Users\Administrator\AppData\Local\Programs\MiKTeX 2.9\tex\latex\graphics-c
fg\graphics.cfg"
File: graphics.cfg 2016/06/04 v1.11 sample graphics configuration
)
Package graphics Info: Driver file: pdftex.def on input line 99.

("C:\Users\Administrator\AppData\Local\Programs\MiKTeX 2.9\tex\latex\graphics-d
ef\pdftex.def"
File: pdftex.def 2018/01/08 v1.0l Graphics/color driver for pdftex
)))
Package pdflscape Info: Auto-detected driver: pdftex on input line 81.
)
("C:\Users\Administrator\AppData\Local\Programs\MiKTeX 2.9\tex\latex\float\floa
t.sty"
Package: float 2001/11/08 v1.3d Float enhancements (AL)
\c@float@type=\count123
\float@exts=\toks20
\float@box=\box30
\@float@everytoks=\toks21
\@floatcapt=\box31
)
("C:\Users\Administrator\AppData\Local\Programs\MiKTeX 2.9\tex\latex\base\latex
sym.sty"
Package: latexsym 1998/08/17 v2.2e Standard LaTeX package (lasy symbols)
\symlasy=\mathgroup5
LaTeX Font Info:    Overwriting symbol font `lasy' in version `bold'
(Font)                  U/lasy/m/n --> U/lasy/b/n on input line 52.
)
("C:\Users\Administrator\AppData\Local\Programs\MiKTeX 2.9\tex\latex\graphics\e
psfig.sty"
Package: epsfig 2017/06/25 v1.7b (e)psfig emulation (SPQR)

("C:\Users\Administrator\AppData\Local\Programs\MiKTeX 2.9\tex\latex\graphics\g
raphicx.sty"
Package: graphicx 2017/06/01 v1.1a Enhanced LaTeX Graphics (DPC,SPQR)
\Gin@req@height=\dimen136
\Gin@req@width=\dimen137
)
\epsfxsize=\dimen138
\epsfysize=\dimen139
)
("C:\Users\Administrator\AppData\Local\Programs\MiKTeX 2.9\tex\latex\amsfonts\a
mssymb.sty"
Package: amssymb 2013/01/14 v3.01 AMS font symbols

("C:\Users\Administrator\AppData\Local\Programs\MiKTeX 2.9\tex\latex\amsfonts\a
msfonts.sty"
Package: amsfonts 2013/01/14 v3.01 Basic AMSFonts support
\@emptytoks=\toks22
\symAMSa=\mathgroup6
\symAMSb=\mathgroup7
LaTeX Font Info:    Overwriting math alphabet `\mathfrak' in version `bold'
(Font)                  U/euf/m/n --> U/euf/b/n on input line 106.
))
("C:\Users\Administrator\AppData\Local\Programs\MiKTeX 2.9\tex\latex\amsmath\am
smath.sty"
Package: amsmath 2017/09/02 v2.17a AMS math features
\@mathmargin=\skip60

For additional information on amsmath, use the `?' option.

("C:\Users\Administrator\AppData\Local\Programs\MiKTeX 2.9\tex\latex\amsmath\am
stext.sty"
Package: amstext 2000/06/29 v2.01 AMS text

("C:\Users\Administrator\AppData\Local\Programs\MiKTeX 2.9\tex\latex\amsmath\am
sgen.sty"
File: amsgen.sty 1999/11/30 v2.0 generic functions
\@emptytoks=\toks23
\ex@=\dimen140
))
("C:\Users\Administrator\AppData\Local\Programs\MiKTeX 2.9\tex\latex\amsmath\am
sbsy.sty"
Package: amsbsy 1999/11/29 v1.2d Bold Symbols
\pmbraise@=\dimen141
)
("C:\Users\Administrator\AppData\Local\Programs\MiKTeX 2.9\tex\latex\amsmath\am
sopn.sty"
Package: amsopn 2016/03/08 v2.02 operator names
)
\inf@bad=\count124
LaTeX Info: Redefining \frac on input line 213.
\uproot@=\count125
\leftroot@=\count126
LaTeX Info: Redefining \overline on input line 375.
\classnum@=\count127
\DOTSCASE@=\count128
LaTeX Info: Redefining \ldots on input line 472.
LaTeX Info: Redefining \dots on input line 475.
LaTeX Info: Redefining \cdots on input line 596.
\Mathstrutbox@=\box32
\strutbox@=\box33
\big@size=\dimen142
LaTeX Font Info:    Redeclaring font encoding OML on input line 712.
LaTeX Font Info:    Redeclaring font encoding OMS on input line 713.
\macc@depth=\count129
\c@MaxMatrixCols=\count130
\dotsspace@=\muskip11
\c@parentequation=\count131
\dspbrk@lvl=\count132
\tag@help=\toks24
\row@=\count133
\column@=\count134
\maxfields@=\count135
\andhelp@=\toks25
\eqnshift@=\dimen143
\alignsep@=\dimen144
\tagshift@=\dimen145
\tagwidth@=\dimen146
\totwidth@=\dimen147
\lineht@=\dimen148
\@envbody=\toks26
\multlinegap=\skip61
\multlinetaggap=\skip62
\mathdisplay@stack=\toks27
LaTeX Info: Redefining \[ on input line 2817.
LaTeX Info: Redefining \] on input line 2818.
)
("C:\Users\Administrator\AppData\Local\Programs\MiKTeX 2.9\tex\latex\was\gensym
b.sty"
Package: gensymb 2003/07/02 v1.0 (WaS)
)
("C:\Users\Administrator\AppData\Local\Programs\MiKTeX 2.9\tex\latex\tools\bm.s
ty"
Package: bm 2017/01/16 v1.2c Bold Symbol Support (DPC/FMi)
\symboldoperators=\mathgroup8
\symboldletters=\mathgroup9
\symboldsymbols=\mathgroup10
\symboldupright=\mathgroup11
LaTeX Font Info:    Redeclaring math alphabet \mathbf on input line 141.
LaTeX Info: Redefining \bm on input line 207.
)
("C:\Users\Administrator\AppData\Local\Programs\MiKTeX 2.9\tex\latex\mhchem\mhc
hem.sty"
Package: mhchem 2018/06/22 v4.08 for typesetting chemical formulae

("C:\Users\Administrator\AppData\Local\Programs\MiKTeX 2.9\tex\latex\l3kernel\e
xpl3.sty"
Package: expl3 2018-10-17 L3 programming layer (loader) 

("C:\Users\Administrator\AppData\Local\Programs\MiKTeX 2.9\tex\latex\l3kernel\e
xpl3-code.tex"
Package: expl3 2018-10-17 L3 programming layer (code)
\c_max_int=\count136
\l_tmpa_int=\count137
\l_tmpb_int=\count138
\g_tmpa_int=\count139
\g_tmpb_int=\count140
\g__kernel_prg_map_int=\count141

! Missing number, treated as zero.
<to be read again> 
                   \gdef 
l.7616 ...nst:Nn \c_sys_month_int { \tex_month:D }
                                                  
? 
! Missing = inserted for \ifnum.
<to be read again> 
                   \gdef 
l.7616 ...nst:Nn \c_sys_month_int { \tex_month:D }
                                                  
? 
! Missing number, treated as zero.
<to be read again> 
                   \gdef 
l.7616 ...nst:Nn \c_sys_month_int { \tex_month:D }
                                                  
? 
! Missing number, treated as zero.
<to be read again> 
                   \gdef 
l.7616 ...nst:Nn \c_sys_month_int { \tex_month:D }
                                                  
? 
! Missing = inserted for \ifnum.
<to be read again> 
                   \gdef 
l.7616 ...nst:Nn \c_sys_month_int { \tex_month:D }
                                                  
? 
! Missing number, treated as zero.
<to be read again> 
                   \gdef 
l.7616 ...nst:Nn \c_sys_month_int { \tex_month:D }
                                                  
? 
! Missing control sequence inserted.
<inserted text> 
                \inaccessible 
l.7616 ...nst:Nn \c_sys_month_int { \tex_month:D }
                                                  
? 
! Missing number, treated as zero.
<to be read again> 
                   }
l.7616 ...nst:Nn \c_sys_month_int { \tex_month:D }
                                                  
? 
! Undefined control sequence.
<argument> \c_sys_month_int 
                            
l.7616 ...nst:Nn \c_sys_month_int { \tex_month:D }
                                                  
? 

! LaTeX Error: Missing \begin{document}.

See the LaTeX manual or LaTeX Companion for explanation.
Type  H <return>  for immediate help.
 ...                                              
                                                  
l.7616 ...nst:Nn \c_sys_month_int { \tex_month:D }
                                                  
? 
! You can't use `\numexpr' in horizontal mode.
\int_const:Nn ...t_constdef:Nw }}#1=\__int_eval:w 
                                                  #2\__int_eval_end: 
l.7616 ...nst:Nn \c_sys_month_int { \tex_month:D }
                                                  
? 
\c_log_iow=\count142
\l_iow_line_count_int=\count143
\l__iow_line_target_int=\count144
\l__iow_one_indent_int=\count145
\l__iow_indent_int=\count146
\c_zero_dim=\dimen149
\c_max_dim=\dimen150
\l_tmpa_dim=\dimen151
\l_tmpb_dim=\dimen152
\g_tmpa_dim=\dimen153
\g_tmpb_dim=\dimen154
\c_zero_skip=\skip63
\c_max_skip=\skip64
\l_tmpa_skip=\skip65
\l_tmpb_skip=\skip66
\g_tmpa_skip=\skip67
\g_tmpb_skip=\skip68
\c_zero_muskip=\muskip12
\c_max_muskip=\muskip13
\l_tmpa_muskip=\muskip14
\l_tmpb_muskip=\muskip15
\g_tmpa_muskip=\muskip16
\g_tmpb_muskip=\muskip17
\l_keys_choice_int=\count147
\l__intarray_loop_int=\count148
\c__intarray_sp_dim=\dimen155
\g__intarray_font_int=\count149
\c__fp_leading_shift_int=\count150
\c__fp_middle_shift_int=\count151
\c__fp_trailing_shift_int=\count152
\c__fp_big_leading_shift_int=\count153
\c__fp_big_middle_shift_int=\count154
\c__fp_big_trailing_shift_int=\count155
\c__fp_Bigg_leading_shift_int=\count156
\c__fp_Bigg_middle_shift_int=\count157
\c__fp_Bigg_trailing_shift_int=\count158
\c__kernel_randint_max_int=\count159
\g__fp_array_int=\count160
\l__fp_array_loop_int=\count161
\l__sort_length_int=\count162
\l__sort_min_int=\count163
\l__sort_top_int=\count164
\l__sort_max_int=\count165
\l__sort_true_max_int=\count166
\l__sort_block_int=\count167
\l__sort_begin_int=\count168
\l__sort_end_int=\count169
\l__sort_A_int=\count170
\l__sort_B_int=\count171
\l__sort_C_int=\count172
\l__tl_analysis_normal_int=\count173
\l__tl_analysis_index_int=\count174
\l__tl_analysis_nesting_int=\count175
\l__tl_analysis_type_int=\count176
\l__regex_internal_a_int=\count177
\l__regex_internal_b_int=\count178
\l__regex_internal_c_int=\count179
\l__regex_balance_int=\count180
\l__regex_group_level_int=\count181
\l__regex_mode_int=\count182
\c__regex_cs_in_class_mode_int=\count183
\c__regex_cs_mode_int=\count184
\l__regex_catcodes_int=\count185
\l__regex_default_catcodes_int=\count186
\c__regex_catcode_D_int=\count187
\c__regex_catcode_S_int=\count188
\c__regex_catcode_L_int=\count189
\c__regex_catcode_O_int=\count190
\c__regex_catcode_A_int=\count191
\c__regex_all_catcodes_int=\count192
\l__regex_show_lines_int=\count193
\l__regex_min_state_int=\count194
\l__regex_max_state_int=\count195
\l__regex_left_state_int=\count196
\l__regex_right_state_int=\count197
\l__regex_capturing_group_int=\count198
\l__regex_min_pos_int=\count199
\l__regex_max_pos_int=\count266
\l__regex_curr_pos_int=\count267
\l__regex_start_pos_int=\count268
\l__regex_success_pos_int=\count269
\l__regex_curr_char_int=\count270
\l__regex_curr_catcode_int=\count271
\l__regex_last_char_int=\count272
\l__regex_case_changed_char_int=\count273
\l__regex_curr_state_int=\count274
\l__regex_step_int=\count275
\l__regex_min_active_int=\count276
\l__regex_max_active_int=\count277
\l__regex_replacement_csnames_int=\count278
\l__regex_match_count_int=\count279
\l__regex_min_submatch_int=\count280
\l__regex_submatch_int=\count281
\l__regex_zeroth_submatch_int=\count282
\g__regex_trace_regex_int=\count283
\c_empty_box=\box34
\l_tmpa_box=\box35
\l_tmpb_box=\box36
\g_tmpa_box=\box37
\g_tmpb_box=\box38
\l__box_top_dim=\dimen156
\l__box_bottom_dim=\dimen157
\l__box_left_dim=\dimen158
\l__box_right_dim=\dimen159
\l__box_top_new_dim=\dimen160
\l__box_bottom_new_dim=\dimen161
\l__box_left_new_dim=\dimen162
\l__box_right_new_dim=\dimen163
\l__box_internal_box=\box39
\l__coffin_internal_box=\box40
\l__coffin_internal_dim=\dimen164
\l__coffin_offset_x_dim=\dimen165
\l__coffin_offset_y_dim=\dimen166
\l__coffin_x_dim=\dimen167
\l__coffin_y_dim=\dimen168
\l__coffin_x_prime_dim=\dimen169
\l__coffin_y_prime_dim=\dimen170
\c_empty_coffin=\box41
\l__coffin_aligned_coffin=\box42
\l__coffin_aligned_internal_coffin=\box43
\l_tmpa_coffin=\box44
\l_tmpb_coffin=\box45
\l__coffin_display_coffin=\box46
\l__coffin_display_coord_coffin=\box47
\l__coffin_display_pole_coffin=\box48
\l__coffin_display_offset_dim=\dimen171
\l__coffin_display_x_dim=\dimen172
\l__coffin_display_y_dim=\dimen173
\g__file_internal_ior=\read2
\l__coffin_bounding_shift_dim=\dimen174
\l__coffin_left_corner_dim=\dimen175
\l__coffin_right_corner_dim=\dimen176
\l__coffin_bottom_corner_dim=\dimen177
\l__coffin_top_corner_dim=\dimen178
\l__coffin_scaled_total_height_dim=\dimen179
\l__coffin_scaled_width_dim=\dimen180
\l__seq_internal_a_int=\count284
\l__seq_internal_b_int=\count285
)
("C:\Users\Administrator\AppData\Local\Programs\MiKTeX 2.9\tex\latex\l3kernel\l
3pdfmode.def"
File: l3pdfmode.def 2018-10-17 v L3 Experimental driver: PDF mode
\l__driver_color_stack_int=\count286
))
("C:\Users\Administrator\AppData\Local\Programs\MiKTeX 2.9\tex\latex\l3packages
\l3keys2e\l3keys2e.sty"
Package: l3keys2e 2018-10-17 LaTeX2e option processing using LaTeX3 keys
)
("C:\Users\Administrator\AppData\Local\Programs\MiKTeX 2.9\tex\latex\tools\calc
.sty"
Package: calc 2017/05/25 v4.3 Infix arithmetic (KKT,FJ)
\calc@Acount=\count287
\calc@Bcount=\count288
\calc@Adimen=\dimen181
\calc@Bdimen=\dimen182
\calc@Askip=\skip69
\calc@Bskip=\skip70
LaTeX Info: Redefining \setlength on input line 80.
LaTeX Info: Redefining \addtolength on input line 81.
\calc@Ccount=\count289
\calc@Cskip=\skip71
)
("C:\Users\Administrator\AppData\Local\Programs\MiKTeX 2.9\tex\latex\chemgreek\
chemgreek.sty"
("C:\Users\Administrator\AppData\Local\Programs\MiKTeX 2.9\tex\latex\l3packages
\xparse\xparse.sty"
Package: xparse 2018-10-17 L3 Experimental document command parser
\l__xparse_current_arg_int=\count290
\g__xparse_grabber_int=\count291
\l__xparse_m_args_int=\count292
\l__xparse_mandatory_args_int=\count293
\l__xparse_v_nesting_int=\count294
)
Package: chemgreek 2016/12/20 v1.1 interfaceforuprightgreeklettersforuseinchemi
stry (CN)
\l__chemgreek_tmpa_int=\count295
\g__chemgreek_tmpa_int=\count296
)
\l__mhchem_ce_distanceFromLastComma_int=\count297
\__mhchem_arrow_extPgfLength_skip=\skip72
\mhchem@minispace@tmp=\skip73
\mhchem@minibackspace@tmp=\skip74
\mhchem@bondwidth=\skip75
\mhchem@bondheight=\skip76
\mhchem@smallbondwidth@tmpA=\skip77
\mhchem@smallbondwidth@tmpB=\skip78
\mhchem@smallbondwidth=\skip79
\mhchem@bondtmp@minussidebearingleft=\skip80
\mhchem@bondtmp@minussidebearingright=\skip81
\l__mhchem_option_version_int=\count298
\mhchem@option@minusmathsidebearingleft=\dimen183
\mhchem@option@minusmathsidebearingright=\dimen184
\mhchem@option@minustextsidebearingleft=\dimen185
\mhchem@option@minustextsidebearingright=\dimen186
)
("C:\Users\Administrator\AppData\Local\Programs\MiKTeX 2.9\tex\latex\base\ifthe
n.sty"
Package: ifthen 2014/09/29 v1.1c Standard LaTeX ifthen package (DPC)
)
("C:\Users\Administrator\AppData\Local\Programs\MiKTeX 2.9\tex\latex\booktabs\b
ooktabs.sty"
Package: booktabs 2005/04/14 v1.61803 publication quality tables
\heavyrulewidth=\dimen187
\lightrulewidth=\dimen188
\cmidrulewidth=\dimen189
\belowrulesep=\dimen190
\belowbottomsep=\dimen191
\aboverulesep=\dimen192
\abovetopsep=\dimen193
\cmidrulesep=\dimen194
\cmidrulekern=\dimen195
\defaultaddspace=\dimen196
\@cmidla=\count299
\@cmidlb=\count300
\@aboverulesep=\dimen197
\@belowrulesep=\dimen198
\@thisruleclass=\count301
\@lastruleclass=\count302
\@thisrulewidth=\dimen199
)
("C:\Users\Administrator\AppData\Local\Programs\MiKTeX 2.9\tex\latex\makecell\m
akecell.sty"
Package: makecell 2009/08/03 V0.1e Managing of Tab Column Heads and Cells
\rotheadsize=\dimen256
\c@nlinenum=\count303
\TeXr@lab=\toks28
)
("C:\Users\Administrator\AppData\Local\Programs\MiKTeX 2.9\tex\latex\amscls\ams
thm.sty"
Package: amsthm 2017/10/31 v2.20.4
\thm@style=\toks29
\thm@bodyfont=\toks30
\thm@headfont=\toks31
\thm@notefont=\toks32
\thm@headpunct=\toks33
\thm@preskip=\skip82
\thm@postskip=\skip83
\thm@headsep=\skip84
\dth@everypar=\toks34
)
("C:\Users\Administrator\AppData\Local\Programs\MiKTeX 2.9\tex\latex\tools\enum
erate.sty"
Package: enumerate 2015/07/23 v3.00 enumerate extensions (DPC)
\@enLab=\toks35
)
("C:\Users\Administrator\AppData\Local\Programs\MiKTeX 2.9\tex\latex\tools\dcol
umn.sty"
Package: dcolumn 2014/10/28 v1.06 decimal alignment package (DPC)
)
("C:\Users\Administrator\AppData\Local\Programs\MiKTeX 2.9\tex\latex\lineno\lin
eno.sty"
Package: lineno 2005/11/02 line numbers on paragraphs v4.41
\linenopenalty=\count304
\output=\toks36
\linenoprevgraf=\count305
\linenumbersep=\dimen257
\linenumberwidth=\dimen258
\c@linenumber=\count306
\c@pagewiselinenumber=\count307
\c@LN@truepage=\count308
\c@internallinenumber=\count309
\c@internallinenumbers=\count310
\quotelinenumbersep=\dimen259
\bframerule=\dimen260
\bframesep=\dimen261
\bframebox=\box49
LaTeX Info: Redefining \\ on input line 3056.
)
("C:\Users\Administrator\AppData\Local\Programs\MiKTeX 2.9\tex\latex\tools\long
table.sty"
Package: longtable 2014/10/28 v4.11 Multi-page Table package (DPC)
\LTleft=\skip85
\LTright=\skip86
\LTpre=\skip87
\LTpost=\skip88
\LTchunksize=\count311
\LTcapwidth=\dimen262
\LT@head=\box50
\LT@firsthead=\box51
\LT@foot=\box52
\LT@lastfoot=\box53
\LT@cols=\count312
\LT@rows=\count313
\c@LT@tables=\count314
\c@LT@chunks=\count315
\LT@p@ftn=\toks37
)
("C:\Users\Administrator\AppData\Local\Programs\MiKTeX 2.9\tex\latex\sidecap\si
decap.sty"
Package: sidecap 2003/06/06 v1.6f SideCap Package (RN/HjG)
\SC@BOXWD=\dimen263
\SC@CAPWD=\dimen264
\SC@tempdima=\dimen265
\SC@tempdimb=\dimen266
\c@SC@C=\count316
\SC@BOX=\box54
)
("C:\Users\Administrator\AppData\Local\Programs\MiKTeX 2.9\tex\latex\psnfss\hel
vet.sty"
Package: helvet 2005/04/12 PSNFSS-v9.2a (WaS) 
)

Package geometry Warning: Over-specification in `h'-direction.
    `width' (597.50787pt) is ignored.


Package geometry Warning: Over-specification in `v'-direction.
    `height' (845.04684pt) is ignored.

(thesis_print_2side.aux)
\openout1 = `thesis_print_2side.aux'.

LaTeX Font Info:    Checking defaults for OML/cmm/m/it on input line 105.
LaTeX Font Info:    ... okay on input line 105.
LaTeX Font Info:    Checking defaults for T1/cmr/m/n on input line 105.
LaTeX Font Info:    ... okay on input line 105.
LaTeX Font Info:    Checking defaults for OT1/cmr/m/n on input line 105.
LaTeX Font Info:    ... okay on input line 105.
LaTeX Font Info:    Checking defaults for OMS/cmsy/m/n on input line 105.
LaTeX Font Info:    ... okay on input line 105.
LaTeX Font Info:    Checking defaults for OMX/cmex/m/n on input line 105.
LaTeX Font Info:    ... okay on input line 105.
LaTeX Font Info:    Checking defaults for U/cmr/m/n on input line 105.
LaTeX Font Info:    ... okay on input line 105.
LaTeX Font Info:    Checking defaults for TS1/cmr/m/n on input line 105.
LaTeX Font Info:    Try loading font information for TS1+cmr on input line 105.


("C:\Users\Administrator\AppData\Local\Programs\MiKTeX 2.9\tex\latex\base\ts1cm
r.fd"
File: ts1cmr.fd 2014/09/29 v2.5h Standard LaTeX font definitions
)
LaTeX Font Info:    ... okay on input line 105.
LaTeX Font Info:    Checking defaults for PD1/pdf/m/n on input line 105.
LaTeX Font Info:    ... okay on input line 105.
LaTeX Font Info:    Try loading font information for T1+phv on input line 105.

("C:\Users\Administrator\AppData\Local\Programs\MiKTeX 2.9\tex\latex\psnfss\t1p
hv.fd"
File: t1phv.fd 2001/06/04 scalable font definitions for T1/phv.
)
*geometry* driver: auto-detecting
*geometry* detected driver: pdftex
*geometry* verbose mode - [ preamble ] result:
* driver: pdftex
* paper: a4paper
* layout: <same size as paper>
* layoutoffset:(h,v)=(0.0pt,0.0pt)
* modes: twoside 
* h-part:(L,W,R)=(99.58464pt, 441.01773pt, 56.9055pt)
* v-part:(T,H,B)=(56.9055pt, 731.23584pt, 56.9055pt)
* \paperwidth=597.50787pt
* \paperheight=845.04684pt
* \textwidth=441.01773pt
* \textheight=731.23584pt
* \oddsidemargin=27.31465pt
* \evensidemargin=-15.36449pt
* \topmargin=-52.36449pt
* \headheight=12.0pt
* \headsep=25.0pt
* \topskip=12.0pt
* \footskip=30.0pt
* \marginparwidth=95.0pt
* \marginparsep=10.0pt
* \columnsep=10.0pt
* \skip\footins=10.8pt plus 4.0pt minus 2.0pt
* \hoffset=0.0pt
* \voffset=0.0pt
* \mag=1000
* \@twocolumnfalse
* \@twosidetrue
* \@mparswitchtrue
* \@reversemarginfalse
* (1in=72.27pt=25.4mm, 1cm=28.453pt)


Package tabfigures Warning: There is no command \tbfigures to support tabular f
igures.

LaTeX Info: Redefining \microtypecontext on input line 105.
Package microtype Info: Generating PDF output.
Package microtype Info: Character protrusion enabled (level 2).
Package microtype Info: Using default protrusion set `alltext'.
Package microtype Info: No font expansion.
Package microtype Info: No adjustment of tracking.
Package microtype Info: No adjustment of interword spacing.
Package microtype Info: No adjustment of character kerning.
Package microtype Info: Loading generic protrusion settings for font family
(microtype)             `phv' (encoding: T1).
(microtype)             For optimal results, create family-specific settings.
(microtype)             See the microtype manual for details.
Package caption Info: Begin \AtBeginDocument code.
Package caption Info: float package is loaded.
Package caption Info: hyperref package is loaded.
Package caption Info: longtable package is loaded.

("C:\Users\Administrator\AppData\Local\Programs\MiKTeX 2.9\tex\latex\caption\lt
caption.sty"
Package: ltcaption 2018/08/26 v1.4-95 longtable captions (AR)
)
Package caption Info: sidecap package is loaded.
Package caption Info: End \AtBeginDocument code.
\AtBeginShipoutBox=\box55

("C:\Users\Administrator\AppData\Local\Programs\MiKTeX 2.9\tex\latex\graphics\c
olor.sty"
Package: color 2016/07/10 v1.1e Standard LaTeX Color (DPC)

("C:\Users\Administrator\AppData\Local\Programs\MiKTeX 2.9\tex\latex\graphics-c
fg\color.cfg"
File: color.cfg 2016/01/02 v1.6 sample color configuration
)
Package color Info: Driver file: pdftex.def on input line 147.
)
Package hyperref Info: Link coloring ON on input line 105.

("C:\Users\Administrator\AppData\Local\Programs\MiKTeX 2.9\tex\latex\hyperref\n
ameref.sty"
Package: nameref 2016/05/21 v2.44 Cross-referencing by name of section

("C:\Users\Administrator\AppData\Local\Programs\MiKTeX 2.9\tex\generic\oberdiek
\gettitlestring.sty"
Package: gettitlestring 2016/05/16 v1.5 Cleanup title references (HO)
)
\c@section@level=\count317
)
LaTeX Info: Redefining \ref on input line 105.
LaTeX Info: Redefining \pageref on input line 105.
LaTeX Info: Redefining \nameref on input line 105.
 (thesis_print_2side.out) (thesis_print_2side.out)
\@outlinefile=\write4
\openout4 = `thesis_print_2side.out'.


("C:\Users\Administrator\AppData\Local\Programs\MiKTeX 2.9\tex\context\base\sup
p-pdf.mkii"
[Loading MPS to PDF converter (version 2006.09.02).]
\scratchcounter=\count318
\scratchdimen=\dimen267
\scratchbox=\box56
\nofMPsegments=\count319
\nofMParguments=\count320
\everyMPshowfont=\toks38
\MPscratchCnt=\count321
\MPscratchDim=\dimen268
\MPnumerator=\count322
\makeMPintoPDFobject=\count323
\everyMPtoPDFconversion=\toks39
)
("C:\Users\Administrator\AppData\Local\Programs\MiKTeX 2.9\tex\latex\oberdiek\e
pstopdf-base.sty"
Package: epstopdf-base 2016/05/15 v2.6 Base part for package epstopdf

("C:\Users\Administrator\AppData\Local\Programs\MiKTeX 2.9\tex\latex\oberdiek\g
rfext.sty"
Package: grfext 2016/05/16 v1.2 Manage graphics extensions (HO)
)
Package epstopdf-base Info: Redefining graphics rule for `.eps' on input line 4
38.
Package grfext Info: Graphics extension search list:
(grfext)             [.pdf,.png,.jpg,.mps,.jpeg,.jbig2,.jb2,.PDF,.PNG,.JPG,.JPE
G,.JBIG2,.JB2,.eps]
(grfext)             \AppendGraphicsExtensions on input line 456.
)
\symgns@font=\mathgroup12
LaTeX Font Info:    Overwriting symbol font `gns@font' in version `bold'
(Font)                  TS1/phv/m/n --> TS1/phv/bx/n on input line 105.
Package gensymb Info: Math companion symbols declared on input line 105.
LaTeX Info: Redefining \degree on input line 105.
LaTeX Info: Redefining \celsius on input line 105.
Package gensymb Info: Using text companion symbols for \degree, \celsius and \p
erthousand on input line 105.
LaTeX Info: Redefining \ohm on input line 105.
Package gensymb Info: Using \textohm for \ohm on input line 105.
Package gensymb Info: Using \textmu for \micro on input line 105.

Package chemgreek Info: Activating mapping `default' on line 105.


("C:\Users\Administrator\AppData\Local\Programs\MiKTeX 2.9\tex\latex\ms\ragged2
e.sty"
Package: ragged2e 2009/05/21 v2.1 ragged2e Package (MS)

("C:\Users\Administrator\AppData\Local\Programs\MiKTeX 2.9\tex\latex\ms\everyse
l.sty"
Package: everysel 2011/10/28 v1.2 EverySelectfont Package (MS)
 ABD: EverySelectfont initializing macros
LaTeX Info: Redefining \selectfont on input line 126.
)
\CenteringLeftskip=\skip89
\RaggedLeftLeftskip=\skip90
\RaggedRightLeftskip=\skip91
\CenteringRightskip=\skip92
\RaggedLeftRightskip=\skip93
\RaggedRightRightskip=\skip94
\CenteringParfillskip=\skip95
\RaggedLeftParfillskip=\skip96
\RaggedRightParfillskip=\skip97
\JustifyingParfillskip=\skip98
\CenteringParindent=\skip99
\RaggedLeftParindent=\skip100
\RaggedRightParindent=\skip101
\JustifyingParindent=\skip102
)
LaTeX Font Info:    Try loading font information for OT1+ppl on input line 108.


("C:\Users\Administrator\AppData\Local\Programs\MiKTeX 2.9\tex\latex\psnfss\ot1
ppl.fd"
File: ot1ppl.fd 2001/06/04 font definitions for OT1/ppl.
)
("C:\Users\Administrator\AppData\Local\Programs\MiKTeX 2.9\tex\latex\microtype\
mt-ppl.cfg"
File: mt-ppl.cfg 2005/11/16 v1.6 microtype config. file: Palatino (RS)
)
LaTeX Font Info:    Try loading font information for OML+zplm on input line 108
.

("C:\Users\Administrator\AppData\Local\Programs\MiKTeX 2.9\tex\latex\psnfss\oml
zplm.fd"
File: omlzplm.fd 2002/09/08 Fontinst v1.914 font definitions for OML/zplm.
)
LaTeX Font Info:    Try loading font information for OMS+zplm on input line 108
.

("C:\Users\Administrator\AppData\Local\Programs\MiKTeX 2.9\tex\latex\psnfss\oms
zplm.fd"
File: omszplm.fd 2002/09/08 Fontinst v1.914 font definitions for OMS/zplm.
)
LaTeX Font Info:    Try loading font information for OMX+zplm on input line 108
.

("C:\Users\Administrator\AppData\Local\Programs\MiKTeX 2.9\tex\latex\psnfss\omx
zplm.fd"
File: omxzplm.fd 2002/09/08 Fontinst v1.914 font definitions for OMX/zplm.
)
LaTeX Font Info:    Try loading font information for OT1+zplm on input line 108
.

("C:\Users\Administrator\AppData\Local\Programs\MiKTeX 2.9\tex\latex\psnfss\ot1
zplm.fd"
File: ot1zplm.fd 2002/09/08 Fontinst v1.914 font definitions for OT1/zplm.
)
Package microtype Info: Loading generic protrusion settings for font family
(microtype)             `zplm' (encoding: OT1).
(microtype)             For optimal results, create family-specific settings.
(microtype)             See the microtype manual for details.
LaTeX Font Info:    Try loading font information for U+lasy on input line 108.

("C:\Users\Administrator\AppData\Local\Programs\MiKTeX 2.9\tex\latex\base\ulasy
.fd"
File: ulasy.fd 1998/08/17 v2.2e LaTeX symbol font definitions
)
LaTeX Font Info:    Font shape `U/msa/m/n' will be
(Font)              scaled to size 21.61124pt on input line 108.

("C:\Users\Administrator\AppData\Local\Programs\MiKTeX 2.9\tex\latex\microtype\
mt-msa.cfg"
File: mt-msa.cfg 2006/02/04 v1.1 microtype config. file: AMS symbols (a) (RS)
)
LaTeX Font Info:    Font shape `U/msa/m/n' will be
(Font)              scaled to size 15.0049pt on input line 108.
LaTeX Font Info:    Font shape `U/msa/m/n' will be
(Font)              scaled to size 12.50409pt on input line 108.
LaTeX Font Info:    Font shape `U/msb/m/n' will be
(Font)              scaled to size 21.61124pt on input line 108.

("C:\Users\Administrator\AppData\Local\Programs\MiKTeX 2.9\tex\latex\microtype\
mt-msb.cfg"
File: mt-msb.cfg 2005/06/01 v1.0 microtype config. file: AMS symbols (b) (RS)
)
LaTeX Font Info:    Font shape `U/msb/m/n' will be
(Font)              scaled to size 15.0049pt on input line 108.
LaTeX Font Info:    Font shape `U/msb/m/n' will be
(Font)              scaled to size 12.50409pt on input line 108.
LaTeX Font Info:    Try loading font information for TS1+phv on input line 108.


("C:\Users\Administrator\AppData\Local\Programs\MiKTeX 2.9\tex\latex\psnfss\ts1
phv.fd"
File: ts1phv.fd 2001/06/04 scalable font definitions for TS1/phv.
)
Package microtype Info: Loading generic protrusion settings for font family
(microtype)             `phv' (encoding: TS1).
(microtype)             For optimal results, create family-specific settings.
(microtype)             See the microtype manual for details.
LaTeX Font Info:    Font shape `T1/phv/m/it' in size <12> not available
(Font)              Font shape `T1/phv/m/sl' tried instead on input line 108.
<CC-BY-SA.png, id=267, 88.33pt x 31.11626pt>
File: CC-BY-SA.png Graphic file (type png)
<use CC-BY-SA.png>
Package pdftex.def Info: CC-BY-SA.png  used on input line 108.
(pdftex.def)             Requested size: 56.9055pt x 20.04631pt.
 [1

{C:/Users/Administrator/AppData/Local/MiKTeX/2.9/pdftex/config/pdftex.map} <./C
C-BY-SA.png>] [0

] (declaration.tex
LaTeX Font Info:    Font shape `U/msa/m/n' will be
(Font)              scaled to size 10.42007pt on input line 1.
LaTeX Font Info:    Font shape `U/msa/m/n' will be
(Font)              scaled to size 8.33606pt on input line 1.
LaTeX Font Info:    Font shape `U/msb/m/n' will be
(Font)              scaled to size 10.42007pt on input line 1.
LaTeX Font Info:    Font shape `U/msb/m/n' will be
(Font)              scaled to size 8.33606pt on input line 1.

Underfull \hbox (badness 10000) in paragraph at lines 4--8

 []


Underfull \hbox (badness 10000) in paragraph at lines 4--8

 []


Underfull \hbox (badness 10000) in paragraph at lines 4--8

 []

) (summary.tex [1


]) (acknowledgements.tex [2

] [3

]) [4] (thesis_print_2side.toc
LaTeX Font Info:    Font shape `U/msa/m/n' will be
(Font)              scaled to size 9.37807pt on input line 8.
LaTeX Font Info:    Font shape `U/msa/m/n' will be
(Font)              scaled to size 7.29405pt on input line 8.
LaTeX Font Info:    Font shape `U/msb/m/n' will be
(Font)              scaled to size 9.37807pt on input line 8.
LaTeX Font Info:    Font shape `U/msb/m/n' will be
(Font)              scaled to size 7.29405pt on input line 8.

Overfull \hbox (23.78851pt too wide) in paragraph at lines 27--27
[]|[][][]\T1/phv/m/sc/12 Infection with behaviour-manipulating par-a-sites en-h
ances bio-tur-ba-tion 
 []


Overfull \hbox (26.80072pt too wide) in paragraph at lines 35--35
[]|[][][]\T1/phv/m/sc/12 The temperature-dependence and in-flu-ence of prey mo-
bil-ity on mul-ti-ple 
 []

[5

]
Overfull \hbox (15.78696pt too wide) in paragraph at lines 47--47
[]|[][][]\T1/phv/m/sc/12 Individual and com-bined ef-fects of warm-ing, in-tras
pe-cific com-pe-ti-tion 
 []

)
\tf@toc=\write5
\openout5 = `thesis_print_2side.toc'.

 [6] (thesis_print_2side.lot
Overfull \hbox (32.39328pt too wide) in paragraph at lines 3--3
 |[][][]\T1/phv/m/n/12 Results of gen-er-al-ized ad-di-tive mod-els test-ing th
e ef-fects of tem-per-a-ture, 
 []


Overfull \hbox (9.65384pt too wide) in paragraph at lines 10--10
 []|[][][]\T1/phv/m/n/12 Results of lin-ear and gen-er-al-ized lin-ear mod-els 
analysing the im-pact 
 []


Overfull \hbox (8.08385pt too wide) in paragraph at lines 13--13
 []|[][][]\T1/phv/m/n/12 Linear and ad-di-tive mod-els of the in-flu-ence of te
m-per-a-ture, par-a-sitic 
 []

)
\tf@lot=\write6
\openout6 = `thesis_print_2side.lot'.

 [7

] (thesis_print_2side.lof
Overfull \hbox (8.41737pt too wide) in paragraph at lines 6--6
 []|[][][]\T1/phv/m/n/12 Impact of tem-per-a-ture and par-a-sitic in-fec-tion o
n predator-avoidance 
 []


Overfull \hbox (13.08539pt too wide) in paragraph at lines 13--13
 []|[][][]\T1/phv/m/n/12 Thermal de-pen-dence of com-po-nents of han-dling time
 when po-ten-tial 
 []


Overfull \hbox (0.49155pt too wide) in paragraph at lines 19--19
 []|[][][]\T1/phv/m/n/12 Survival of \T1/phv/m/sl/12 G. duebeni \T1/phv/m/n/12 
dur-ing ex-per-i-ments in am-bi-ent and warmed 
 []


Overfull \hbox (9.87228pt too wide) in paragraph at lines 24--24
 []|[][][]\T1/phv/m/n/12 Surface sed-i-ment re-worked with no am-phipods, in-fe
cted am-phipods, 
 []

)
\tf@lof=\write7
\openout7 = `thesis_print_2side.lof'.

 [8

] (introduction.tex
Chapter 1.

Overfull \hbox (3.2143pt too wide) in paragraph at lines 13--14
[]\T1/phv/m/n/12 In spite of their im-por-tant con-tri-bu-tions to species rich
-ness and biomass in ecosys-
 []

pdfTeX warning (ext4): destination with the same identifier (name{page.1}) has 
been already used, duplicate ignored
<to be read again> 
                   \relax 
l.14 
      [1



]
Overfull \hbox (1.80118pt too wide) in paragraph at lines 17--19
\T1/phv/m/n/12 can have sig-nif-i-cant con-se-quences for habi-tat struc-ture (
[][]Mourit-sen and Poulin[][], [][]2005[][]),
 []

LaTeX Font Info:    Font shape `U/msa/m/n' will be
(Font)              scaled to size 7.91925pt on input line 19.
LaTeX Font Info:    Font shape `U/msa/m/n' will be
(Font)              scaled to size 6.25204pt on input line 19.
LaTeX Font Info:    Font shape `U/msb/m/n' will be
(Font)              scaled to size 7.91925pt on input line 19.
LaTeX Font Info:    Font shape `U/msb/m/n' will be
(Font)              scaled to size 6.25204pt on input line 19.
[2]
Overfull \hbox (1.08418pt too wide) in paragraph at lines 22--23
\T1/phv/m/n/12 tho-cepha-lan par-a-sites are macropar-a-sites, mean-ing they ca
n be seen with the naked
 []

[3]
<figures/ch1/acanth_map.pdf, id=690, 614.295pt x 794.97pt>
File: figures/ch1/acanth_map.pdf Graphic file (type pdf)
<use figures/ch1/acanth_map.pdf>
Package pdftex.def Info: figures/ch1/acanth_map.pdf  used on input line 31.
(pdftex.def)             Requested size: 441.01773pt x 570.72826pt.
 [4]
<figures/ch1/pminutus_lifecycle.pdf, id=703, 542.025pt x 384.59685pt>
File: figures/ch1/pminutus_lifecycle.pdf Graphic file (type pdf)
<use figures/ch1/pminutus_lifecycle.pdf>
Package pdftex.def Info: figures/ch1/pminutus_lifecycle.pdf  used on input line
 47.
(pdftex.def)             Requested size: 441.01773pt x 312.93604pt.
 [5 <./figures/ch1/acanth_map.pdf>] [6 <./figures/ch1/pminutus_lifecycle.pdf>]
Overfull \hbox (6.13353pt too wide) in paragraph at lines 61--62
\T1/phv/m/n/12 The aim of this the-sis is to ex-plore the in-de-pen-dent and co
m-bined ef-fects of behaviour-
 []

[7] [8]) (ch2.tex [9]
Chapter 2.
[10

] [11] [12] [13] [14]
! Double subscript.
l.43 ...uals used in the assays had similar (t$_3_
                                                  8_5$ = 1.39, \emph{p} = 0....

? 
! Double subscript.
l.43 ...ls used in the assays had similar (t$_3_8_
                                                  5$ = 1.39, \emph{p} = 0.16...

? 
[15] [16]
<figures/ch2/physio_final.pdf, id=1088, 433.62pt x 722.7pt>
File: figures/ch2/physio_final.pdf Graphic file (type pdf)
<use figures/ch2/physio_final.pdf>
Package pdftex.def Info: figures/ch2/physio_final.pdf  used on input line 63.
(pdftex.def)             Requested size: 346.89647pt x 578.15999pt.
 [17] [18 <./figures/ch2/physio_final.pdf>]
LaTeX Font Info:    Font shape `T1/phv/bx/n' in size <12> not available
(Font)              Font shape `T1/phv/b/n' tried instead on input line 79.
 [19

]
<figures/ch2/taxis_1.pdf, id=1119, 420.57124pt x 597.23125pt>
File: figures/ch2/taxis_1.pdf Graphic file (type pdf)
<use figures/ch2/taxis_1.pdf>
Package pdftex.def Info: figures/ch2/taxis_1.pdf  used on input line 95.
(pdftex.def)             Requested size: 441.01773pt x 626.27292pt.
 [20

] [21 <./figures/ch2/taxis_1.pdf>] [22]
Overfull \hbox (4.24615pt too wide) in paragraph at lines 123--124
[]\T1/phv/m/n/12 There is po-ten-tial for the al-tered be-haviour of the in-ter
-me-di-ate hosts un-der warmer
 []

[23] [24]) (ch3.tex [25]
Chapter 3.
[26

]
Overfull \hbox (0.4353pt too wide) in paragraph at lines 11--12
[]\T1/phv/m/n/12 Bioturbation, the mix-ing of sed-i-ment by mo-bile or-gan-isms
, is an im-por-tant ecosys-
 []


Overfull \hbox (5.78217pt too wide) in paragraph at lines 13--14
[]\T1/phv/m/n/12 Gammarid am-phipods con-tribute sig-nif-i-cantly to the bio-tu
r-ba-tion in aquatic ecosys-
 []


Overfull \hbox (5.47275pt too wide) in paragraph at lines 13--14
\T1/phv/m/n/12 tems glob-ally ([][]Mermillod-Blondin et al.[][], [][]2004[][]; 
[][]Hunt-ing et al.[][], [][]2012[][]; [][]De Nada-Monoury
 []

[27]
Overfull \hbox (7.34267pt too wide) in paragraph at lines 26--27
[]\T1/phv/m/n/12 Bioturbation was quan-ti-fied based upon meth-ods de-vel-oped 
by [][]De Nada-Monoury
 []

[28]
<figures/ch3/bioturbprocess.pdf, id=1369, 722.7pt x 301.60681pt>
File: figures/ch3/bioturbprocess.pdf Graphic file (type pdf)
<use figures/ch3/bioturbprocess.pdf>
Package pdftex.def Info: figures/ch3/bioturbprocess.pdf  used on input line 34.

(pdftex.def)             Requested size: 441.01773pt x 184.05351pt.
 [29]
<figures/ch3/bioturbnoctl.pdf, id=1383, 420.57124pt x 597.23125pt>
File: figures/ch3/bioturbnoctl.pdf Graphic file (type pdf)
<use figures/ch3/bioturbnoctl.pdf>
Package pdftex.def Info: figures/ch3/bioturbnoctl.pdf  used on input line 47.
(pdftex.def)             Requested size: 441.01773pt x 626.27292pt.
 [30 <./figures/ch3/bioturbprocess.pdf>] [31 <./figures/ch3/bioturbnoctl.pdf>] 
[32]) (ch4.tex [33]
Chapter 4.
[34

] [35] [36]
<figures/ch4/chamber.pdf, id=1607, 722.7pt x 542.025pt>
File: figures/ch4/chamber.pdf Graphic file (type pdf)
<use figures/ch4/chamber.pdf>
Package pdftex.def Info: figures/ch4/chamber.pdf  used on input line 37.
(pdftex.def)             Requested size: 433.62334pt x 325.2175pt.
 [37] [38 <./figures/ch4/chamber.pdf>] [39] [40] [41]
<figures/ch4/propeat.pdf, id=1648, 437.635pt x 361.35pt>
File: figures/ch4/propeat.pdf Graphic file (type pdf)
<use figures/ch4/propeat.pdf>
Package pdftex.def Info: figures/ch4/propeat.pdf  used on input line 84.
(pdftex.def)             Requested size: 306.3424pt x 252.94327pt.
<figures/ch4/time_fig_numbers.pdf, id=1661, 597.23125pt x 722.7pt>
File: figures/ch4/time_fig_numbers.pdf Graphic file (type pdf)
<use figures/ch4/time_fig_numbers.pdf>
Package pdftex.def Info: figures/ch4/time_fig_numbers.pdf  used on input line 9
5.
(pdftex.def)             Requested size: 441.01773pt x 533.67584pt.
 [42


 <./figures/ch4/propeat.pdf>] [43 <./figures/ch4/time_fig_numbers.pdf>]
<figures/ch4/feedpref_numb.pdf, id=1688, 597.23125pt x 722.7pt>
File: figures/ch4/feedpref_numb.pdf Graphic file (type pdf)
<use figures/ch4/feedpref_numb.pdf>
Package pdftex.def Info: figures/ch4/feedpref_numb.pdf  used on input line 106.

(pdftex.def)             Requested size: 441.01773pt x 533.67584pt.
 [44] [45 <./figures/ch4/feedpref_numb.pdf>]
Overfull \hbox (9.29895pt too wide) in paragraph at lines 115--116
[]\T1/phv/m/n/12 Handling time is of-ten quan-ti-fied ef-fec-tively as a one-di
mensional pro-cess ([][]Jeschke
 []

[46]) (ch5.tex [47] [48]
Chapter 5.
[49

] [50]
Underfull \hbox (badness 10000) in paragraph at lines 23--24
\T1/phv/m/n/12 The Lough Ree power sta-tion in Lanes-bor-ough, Co. Long-ford
 []

<figures/ch5/shannonmap.png, id=1861, 370.5042pt x 349.305pt>
File: figures/ch5/shannonmap.png Graphic file (type png)
<use figures/ch5/shannonmap.png>
Package pdftex.def Info: figures/ch5/shannonmap.png  used on input line 28.
(pdftex.def)             Requested size: 333.45068pt x 314.37158pt.
[51] [52 <./figures/ch5/shannonmap.png>]
<figures/ch5/shannontemp.pdf, id=1881, 420.57124pt x 597.23125pt>
File: figures/ch5/shannontemp.pdf Graphic file (type pdf)
<use figures/ch5/shannontemp.pdf>
Package pdftex.def Info: figures/ch5/shannontemp.pdf  used on input line 39.
(pdftex.def)             Requested size: 378.51062pt x 537.50316pt.

Underfull \hbox (badness 3536) in paragraph at lines 44--45
[]\T1/phv/m/n/12 Amphipods used in the ex-per-i-ments were col-lected from Loug
h Lene
 []

[53] [54 <./figures/ch5/shannontemp.pdf>] [55]
<figures/ch5/winter_shred_1.pdf, id=1929, 597.23125pt x 686.565pt>
File: figures/ch5/winter_shred_1.pdf Graphic file (type pdf)
<use figures/ch5/winter_shred_1.pdf>
Package pdftex.def Info: figures/ch5/winter_shred_1.pdf  used on input line 61.

(pdftex.def)             Requested size: 537.50316pt x 617.90279pt.

Overfull \hbox (96.48543pt too wide) in paragraph at lines 61--62
 [][] 
 []

[56] [57 <./figures/ch5/winter_shred_1.pdf>]

LaTeX Warning: No positions in optional float specifier.
               Default added (so using `tbp') on input line 67.

[58]
<figures/ch5/wintersurvive.pdf, id=1951, 433.62pt x 289.08pt>
File: figures/ch5/wintersurvive.pdf Graphic file (type pdf)
<use figures/ch5/wintersurvive.pdf>
Package pdftex.def Info: figures/ch5/wintersurvive.pdf  used on input line 98.
(pdftex.def)             Requested size: 433.61894pt x 289.07928pt.
<figures/ch5/seasonshred.pdf, id=1954, 361.35pt x 505.89pt>
File: figures/ch5/seasonshred.pdf Graphic file (type pdf)
<use figures/ch5/seasonshred.pdf>
Package pdftex.def Info: figures/ch5/seasonshred.pdf  used on input line 107.
(pdftex.def)             Requested size: 441.01773pt x 617.4319pt.
 [59


 <./figures/ch5/wintersurvive.pdf>] [60 <./figures/ch5/seasonshred.pdf>] [61]) 
(discussion.tex [62]
Chapter 6.
[63

] [64] [65] [66] [67]) [68] (thesis_print_2side.bbl
Underfull \hbox (badness 1609) in paragraph at lines 73--77
[]\T1/phv/m/n/12 Baranov, V., J. Lewandowski, and S. Krause. 2016. Bio-tur-ba-t
ion en-hances
 []


Underfull \hbox (badness 2393) in paragraph at lines 102--108
[]\T1/phv/m/n/12 Bauer, A., E. R. Haine, M. J. Perrot-Minnot, and T. Rigaud. 20
05. The
 []

[69


] [70]
Underfull \hbox (badness 1107) in paragraph at lines 245--250
[]\T1/phv/m/n/12 Chen, H. Y., D. S. Grab-ner, M. Nachev, H. H. Shih, and B. Sur
es. 2015.
 []

! Misplaced alignment tab character &.
l.260 ...ley, M.~J. 2012. The R book. John Wiley &
                                                   Sons.
? 

Underfull \hbox (badness 1496) in paragraph at lines 282--287
[]\T1/phv/m/n/12 Czilly, F., A. Gr-goire, and A. Bertin. 2000. Con-flict be-t
ween co-occuring
 []

[71] [72] [73]
Underfull \hbox (badness 1102) in paragraph at lines 578--581
[]\T1/phv/m/n/12 Horvath, K. 1969. The phys-i-ol-ogy of ac-ti-va-tion of lar-va
l \T1/phv/m/sl/12 Monil-i-formis du-bius
 []

! Misplaced alignment tab character &.
l.607   Physiology Part A: Molecular &
                                       Integrative Physiology 141:1--7.
? 
[74] [75]
Underfull \hbox (badness 1983) in paragraph at lines 719--723
[]\T1/phv/m/n/12 Kelly, D. W., J. T. A. Dick, and W. I. Mont-gomery. 2002. The 
func-tional
 []


Underfull \hbox (badness 1303) in paragraph at lines 759--764
\T1/phv/m/n/12 2018. Em-pir-i-cal ev-i-dence that metabolic the-ory de-scribes 
the tem-per-a-ture
 []


Underfull \hbox (badness 1052) in paragraph at lines 766--769
[]\T1/phv/m/n/12 Kordas, R. L., I. Dono-hue, and C. Harley. 2017. Her-bivory en
-ables ma-rine
 []

[76] [77] [78] [79]
Underfull \hbox (badness 1292) in paragraph at lines 1168--1172
[]\T1/phv/m/n/12 Penk, M. R., J. M. Jeschke, D. Minchin, and I. Dono-hue. 2016.
 Warm-ing
 []

[80]
Underfull \hbox (badness 1881) in paragraph at lines 1262--1265
[]\T1/phv/m/n/12 Poulin, R. 2013. Par-a-site ma-nip-u-la-tion of host per-son-a
l-ity and be-havioural
 []

[81]
Underfull \hbox (badness 2088) in paragraph at lines 1332--1336
[]\T1/phv/m/n/12 Rigaud, T. and Y. Moret. 2003. Dif-fer-en-tial phe-nolox-i-das
e ac-tiv-ity be-tween
 []


Underfull \hbox (badness 1668) in paragraph at lines 1363--1368
\T1/phv/m/n/12 in-di-rectly al-ter the food web and ecosys-tem func-tion of str
eams through
 []


Underfull \hbox (badness 1484) in paragraph at lines 1397--1401
[]\T1/phv/m/n/12 Scott, M. and D. J. Nokes. 1984. Temperature-dependent re-pro-
duc-tion and
 []

[82]
Underfull \hbox (badness 1735) in paragraph at lines 1492--1498
\T1/phv/m/n/12 be-tween in-fec-tiv-ity of \T1/phv/m/sl/12 Schis-to-cephalus sol
idus \T1/phv/m/n/12 (Ces-toda) and anti-predator
 []

[83] [84]) [85] (ch2-appendix.tex
Appendix \textsc {a}.
[86


] [87] [88]) (ch3-appendix.tex
Appendix \textsc {b}.
<figures/ch3/bioturbctl.pdf, id=2358, 597.23125pt x 420.57124pt>
File: figures/ch3/bioturbctl.pdf Graphic file (type pdf)
<use figures/ch3/bioturbctl.pdf>
Package pdftex.def Info: figures/ch3/bioturbctl.pdf  used on input line 6.
(pdftex.def)             Requested size: 441.01773pt x 310.56969pt.
) (ch5-appendix.tex [89



 <./figures/ch3/bioturbctl.pdf>]
Appendix \textsc {c}.
)
Package atveryend Info: Empty hook `BeforeClearDocument' on input line 140.
 [90

] [91] [92]
Package atveryend Info: Empty hook `AfterLastShipout' on input line 140.
 (thesis_print_2side.aux)
Package atveryend Info: Executing hook `AtVeryEndDocument' on input line 140.
Package atveryend Info: Executing hook `AtEndAfterFileList' on input line 140.
Package rerunfilecheck Info: File `thesis_print_2side.out' has not changed.
(rerunfilecheck)             Checksum: 77AA6AF78D542B594B2E3C86C3E06F55;4507.
 )
(\end occurred when \ifnum on line 7616 was incomplete)
(\end occurred when \ifnum on line 7616 was incomplete) 
Here is how much of TeX's memory you used:
 25416 strings out of 492970
 442591 string characters out of 3123041
 555516 words of memory out of 3000000
 28175 multiletter control sequences out of 15000+200000
 635211 words of font info for 183 fonts, out of 3000000 for 9000
 1141 hyphenation exceptions out of 8191
 44i,15n,63p,2555b,939s stack positions out of 5000i,500n,10000p,200000b,50000s
{C:/Users/Administrator/
AppData/Local/Programs/MiKTeX 2.9/fonts/enc/dvips/base/8r.enc} <C:\Users\Admini
strator\AppData\Local\MiKTeX\2.9\fonts\pk\ljfour\jknappen\ec\dpi600\ecrm1200.pk
><C:/Users/Administrator/AppData/Local/Programs/MiKTeX 2.9/fonts/type1/public/a
msfonts/cm/cmmi10.pfb><C:/Users/Administrator/AppData/Local/Programs/MiKTeX 2.9
/fonts/type1/public/amsfonts/cm/cmr10.pfb><C:/Users/Administrator/AppData/Local
/Programs/MiKTeX 2.9/fonts/type1/public/amsfonts/cm/cmsy10.pfb><C:/Users/Admini
strator/AppData/Local/Programs/MiKTeX 2.9/fonts/type1/public/mathpazo/fplmri.pf
b><C:/Users/Administrator/AppData/Local/Programs/MiKTeX 2.9/fonts/type1/urw/hel
vetic/uhvb8a.pfb><C:/Users/Administrator/AppData/Local/Programs/MiKTeX 2.9/font
s/type1/urw/helvetic/uhvr8a.pfb><C:/Users/Administrator/AppData/Local/Programs/
MiKTeX 2.9/fonts/type1/urw/helvetic/uhvro8a.pfb><C:/Users/Administrator/AppData
/Local/Programs/MiKTeX 2.9/fonts/type1/urw/palatino/uplr8a.pfb><C:/Users/Admini
strator/AppData/Local/Programs/MiKTeX 2.9/fonts/type1/urw/palatino/uplri8a.pfb>
Output written on thesis_print_2side.pdf (102 pages, 2687443 bytes).
PDF statistics:
 2512 PDF objects out of 2984 (max. 8388607)
 446 named destinations out of 1000 (max. 500000)
 31334 words of extra memory for PDF output out of 35830 (max. 10000000)

